2024-10-19T14:27:03.876+05:30  INFO 18512 --- [Mini] [restartedMain] com.ashok.MiniApplication                : Starting MiniApplication using Java 17.0.10 with PID 18512 (C:\Users\ashok\OneDrive\Desktop\SpringBoot Pratices\Mini\Mini\target\classes started by ashok in C:\Users\ashok\OneDrive\Desktop\SpringBoot Pratices\Mini\Mini)
2024-10-19T14:27:03.876+05:30  INFO 18512 --- [Mini] [restartedMain] com.ashok.MiniApplication                : No active profile set, falling back to 1 default profile: "default"
2024-10-19T14:27:04.071+05:30  INFO 18512 --- [Mini] [restartedMain] .s.d.r.c.RepositoryConfigurationDelegate : Bootstrapping Spring Data JPA repositories in DEFAULT mode.
2024-10-19T14:27:04.081+05:30  INFO 18512 --- [Mini] [restartedMain] .s.d.r.c.RepositoryConfigurationDelegate : Finished Spring Data repository scanning in 10 ms. Found 4 JPA repository interfaces.
2024-10-19T14:27:04.167+05:30  INFO 18512 --- [Mini] [restartedMain] o.s.b.w.embedded.tomcat.TomcatWebServer  : Tomcat initialized with port 8080 (http)
2024-10-19T14:27:04.168+05:30  INFO 18512 --- [Mini] [restartedMain] o.apache.catalina.core.StandardService   : Starting service [Tomcat]
2024-10-19T14:27:04.168+05:30  INFO 18512 --- [Mini] [restartedMain] o.apache.catalina.core.StandardEngine    : Starting Servlet engine: [Apache Tomcat/10.1.30]
2024-10-19T14:27:04.187+05:30  INFO 18512 --- [Mini] [restartedMain] o.a.c.c.C.[Tomcat].[localhost].[/]       : Initializing Spring embedded WebApplicationContext
2024-10-19T14:27:04.188+05:30  INFO 18512 --- [Mini] [restartedMain] w.s.c.ServletWebServerApplicationContext : Root WebApplicationContext: initialization completed in 310 ms
2024-10-19T14:27:04.228+05:30  INFO 18512 --- [Mini] [restartedMain] o.hibernate.jpa.internal.util.LogHelper  : HHH000204: Processing PersistenceUnitInfo [name: default]
2024-10-19T14:27:04.230+05:30  INFO 18512 --- [Mini] [restartedMain] o.h.c.internal.RegionFactoryInitiator    : HHH000026: Second-level cache disabled
2024-10-19T14:27:04.237+05:30  INFO 18512 --- [Mini] [restartedMain] o.s.o.j.p.SpringPersistenceUnitInfo      : No LoadTimeWeaver setup: ignoring JPA class transformer
2024-10-19T14:27:04.238+05:30  INFO 18512 --- [Mini] [restartedMain] com.zaxxer.hikari.HikariDataSource       : HikariPool-9 - Starting...
2024-10-19T14:27:04.260+05:30  INFO 18512 --- [Mini] [restartedMain] com.zaxxer.hikari.pool.HikariPool        : HikariPool-9 - Added connection com.mysql.cj.jdbc.ConnectionImpl@3c820a82
2024-10-19T14:27:04.260+05:30  INFO 18512 --- [Mini] [restartedMain] com.zaxxer.hikari.HikariDataSource       : HikariPool-9 - Start completed.
2024-10-19T14:27:04.320+05:30  INFO 18512 --- [Mini] [restartedMain] o.h.e.t.j.p.i.JtaPlatformInitiator       : HHH000489: No JTA platform available (set 'hibernate.transaction.jta.platform' to enable JTA platform integration)
2024-10-19T14:27:04.428+05:30  INFO 18512 --- [Mini] [restartedMain] j.LocalContainerEntityManagerFactoryBean : Initialized JPA EntityManagerFactory for persistence unit 'default'
2024-10-19T14:27:04.503+05:30  WARN 18512 --- [Mini] [restartedMain] JpaBaseConfiguration$JpaWebConfiguration : spring.jpa.open-in-view is enabled by default. Therefore, database queries may be performed during view rendering. Explicitly configure spring.jpa.open-in-view to disable this warning
2024-10-19T14:27:04.598+05:30  INFO 18512 --- [Mini] [restartedMain] o.s.b.d.a.OptionalLiveReloadServer       : LiveReload server is running on port 35729
2024-10-19T14:27:04.611+05:30  INFO 18512 --- [Mini] [restartedMain] o.s.b.w.embedded.tomcat.TomcatWebServer  : Tomcat started on port 8080 (http) with context path '/'
2024-10-19T14:27:04.617+05:30  INFO 18512 --- [Mini] [restartedMain] com.ashok.MiniApplication                : Started MiniApplication in 0.826 seconds (process running for 7356.488)
2024-10-19T14:27:04.618+05:30  INFO 18512 --- [Mini] [restartedMain] .ConditionEvaluationDeltaLoggingListener : Condition evaluation unchanged
2024-10-19T14:32:46.332+05:30  INFO 18512 --- [Mini] [File Watcher] rtingClassPathChangeChangedEventListener : Restarting due to 23 class path changes (0 additions, 4 deletions, 19 modifications)
2024-10-19T14:32:46.605+05:30  INFO 18512 --- [Mini] [Thread-35] j.LocalContainerEntityManagerFactoryBean : Closing JPA EntityManagerFactory for persistence unit 'default'
2024-10-19T14:32:46.627+05:30  INFO 18512 --- [Mini] [Thread-35] com.zaxxer.hikari.HikariDataSource       : HikariPool-9 - Shutdown initiated...
2024-10-19T14:32:46.643+05:30  INFO 18512 --- [Mini] [Thread-35] com.zaxxer.hikari.HikariDataSource       : HikariPool-9 - Shutdown completed.
2024-10-19T14:39:14.630+05:30  INFO 18512 --- [Mini] [restartedMain] com.ashok.MiniApplication                : Starting MiniApplication using Java 17.0.10 with PID 18512 (C:\Users\ashok\OneDrive\Desktop\SpringBoot Pratices\Mini\Mini\target\classes started by ashok in C:\Users\ashok\OneDrive\Desktop\SpringBoot Pratices\Mini\Mini)
2024-10-19T14:39:14.631+05:30  INFO 18512 --- [Mini] [restartedMain] com.ashok.MiniApplication                : No active profile set, falling back to 1 default profile: "default"
2024-10-19T14:39:14.875+05:30  INFO 18512 --- [Mini] [restartedMain] .s.d.r.c.RepositoryConfigurationDelegate : Bootstrapping Spring Data JPA repositories in DEFAULT mode.
2024-10-19T14:39:14.890+05:30  INFO 18512 --- [Mini] [restartedMain] .s.d.r.c.RepositoryConfigurationDelegate : Finished Spring Data repository scanning in 14 ms. Found 4 JPA repository interfaces.
2024-10-19T14:39:15.008+05:30  INFO 18512 --- [Mini] [restartedMain] o.s.b.w.embedded.tomcat.TomcatWebServer  : Tomcat initialized with port 8080 (http)
2024-10-19T14:39:15.014+05:30  INFO 18512 --- [Mini] [restartedMain] o.apache.catalina.core.StandardService   : Starting service [Tomcat]
2024-10-19T14:39:15.014+05:30  INFO 18512 --- [Mini] [restartedMain] o.apache.catalina.core.StandardEngine    : Starting Servlet engine: [Apache Tomcat/10.1.30]
2024-10-19T14:39:15.028+05:30  INFO 18512 --- [Mini] [restartedMain] o.a.c.c.C.[Tomcat-1].[localhost].[/]     : Initializing Spring embedded WebApplicationContext
2024-10-19T14:39:15.028+05:30  INFO 18512 --- [Mini] [restartedMain] w.s.c.ServletWebServerApplicationContext : Root WebApplicationContext: initialization completed in 388 ms
2024-10-19T14:39:15.060+05:30  INFO 18512 --- [Mini] [restartedMain] o.hibernate.jpa.internal.util.LogHelper  : HHH000204: Processing PersistenceUnitInfo [name: default]
2024-10-19T14:39:15.067+05:30  INFO 18512 --- [Mini] [restartedMain] o.h.c.internal.RegionFactoryInitiator    : HHH000026: Second-level cache disabled
2024-10-19T14:39:15.085+05:30  INFO 18512 --- [Mini] [restartedMain] o.s.o.j.p.SpringPersistenceUnitInfo      : No LoadTimeWeaver setup: ignoring JPA class transformer
2024-10-19T14:39:15.089+05:30  INFO 18512 --- [Mini] [restartedMain] com.zaxxer.hikari.HikariDataSource       : HikariPool-10 - Starting...
2024-10-19T14:39:15.142+05:30  INFO 18512 --- [Mini] [restartedMain] com.zaxxer.hikari.pool.HikariPool        : HikariPool-10 - Added connection com.mysql.cj.jdbc.ConnectionImpl@20f4f273
2024-10-19T14:39:15.142+05:30  INFO 18512 --- [Mini] [restartedMain] com.zaxxer.hikari.HikariDataSource       : HikariPool-10 - Start completed.
2024-10-19T14:39:15.262+05:30  INFO 18512 --- [Mini] [restartedMain] o.h.e.t.j.p.i.JtaPlatformInitiator       : HHH000489: No JTA platform available (set 'hibernate.transaction.jta.platform' to enable JTA platform integration)
2024-10-19T14:39:15.361+05:30  INFO 18512 --- [Mini] [restartedMain] j.LocalContainerEntityManagerFactoryBean : Initialized JPA EntityManagerFactory for persistence unit 'default'
2024-10-19T14:39:15.494+05:30  WARN 18512 --- [Mini] [restartedMain] JpaBaseConfiguration$JpaWebConfiguration : spring.jpa.open-in-view is enabled by default. Therefore, database queries may be performed during view rendering. Explicitly configure spring.jpa.open-in-view to disable this warning
2024-10-19T14:39:15.608+05:30  INFO 18512 --- [Mini] [restartedMain] o.s.b.d.a.OptionalLiveReloadServer       : LiveReload server is running on port 35729
2024-10-19T14:39:15.622+05:30  INFO 18512 --- [Mini] [restartedMain] o.s.b.w.embedded.tomcat.TomcatWebServer  : Tomcat started on port 8080 (http) with context path '/'
2024-10-19T14:39:15.627+05:30  INFO 18512 --- [Mini] [restartedMain] com.ashok.MiniApplication                : Started MiniApplication in 1.106 seconds (process running for 8087.498)
2024-10-19T14:39:15.630+05:30  INFO 18512 --- [Mini] [restartedMain] .ConditionEvaluationDeltaLoggingListener : Condition evaluation unchanged
2024-10-19T14:39:17.023+05:30  INFO 18512 --- [Mini] [File Watcher] rtingClassPathChangeChangedEventListener : Restarting due to 20 class path changes (0 additions, 1 deletion, 19 modifications)
2024-10-19T14:39:17.159+05:30  INFO 18512 --- [Mini] [Thread-39] j.LocalContainerEntityManagerFactoryBean : Closing JPA EntityManagerFactory for persistence unit 'default'
2024-10-19T14:39:17.160+05:30  INFO 18512 --- [Mini] [Thread-39] com.zaxxer.hikari.HikariDataSource       : HikariPool-10 - Shutdown initiated...
2024-10-19T14:39:17.164+05:30  INFO 18512 --- [Mini] [Thread-39] com.zaxxer.hikari.HikariDataSource       : HikariPool-10 - Shutdown completed.
2024-10-19T14:39:58.690+05:30  INFO 13124 --- [Mini] [restartedMain] com.ashok.MiniApplication                : Starting MiniApplication using Java 17.0.10 with PID 13124 (C:\Users\ashok\OneDrive\Desktop\SpringBoot Pratices\Mini\Mini\target\classes started by ashok in C:\Users\ashok\OneDrive\Desktop\SpringBoot Pratices\Mini\Mini)
2024-10-19T14:39:58.692+05:30  INFO 13124 --- [Mini] [restartedMain] com.ashok.MiniApplication                : No active profile set, falling back to 1 default profile: "default"
2024-10-19T14:39:58.745+05:30  INFO 13124 --- [Mini] [restartedMain] .e.DevToolsPropertyDefaultsPostProcessor : Devtools property defaults active! Set 'spring.devtools.add-properties' to 'false' to disable
2024-10-19T14:39:58.745+05:30  INFO 13124 --- [Mini] [restartedMain] .e.DevToolsPropertyDefaultsPostProcessor : For additional web related logging consider setting the 'logging.level.web' property to 'DEBUG'
2024-10-19T14:39:59.317+05:30  INFO 13124 --- [Mini] [restartedMain] .s.d.r.c.RepositoryConfigurationDelegate : Bootstrapping Spring Data JPA repositories in DEFAULT mode.
2024-10-19T14:39:59.381+05:30  INFO 13124 --- [Mini] [restartedMain] .s.d.r.c.RepositoryConfigurationDelegate : Finished Spring Data repository scanning in 55 ms. Found 4 JPA repository interfaces.
2024-10-19T14:39:59.888+05:30  INFO 13124 --- [Mini] [restartedMain] o.s.b.w.embedded.tomcat.TomcatWebServer  : Tomcat initialized with port 8080 (http)
2024-10-19T14:39:59.904+05:30  INFO 13124 --- [Mini] [restartedMain] o.apache.catalina.core.StandardService   : Starting service [Tomcat]
2024-10-19T14:39:59.905+05:30  INFO 13124 --- [Mini] [restartedMain] o.apache.catalina.core.StandardEngine    : Starting Servlet engine: [Apache Tomcat/10.1.30]
2024-10-19T14:39:59.972+05:30  INFO 13124 --- [Mini] [restartedMain] o.a.c.c.C.[Tomcat].[localhost].[/]       : Initializing Spring embedded WebApplicationContext
2024-10-19T14:39:59.972+05:30  INFO 13124 --- [Mini] [restartedMain] w.s.c.ServletWebServerApplicationContext : Root WebApplicationContext: initialization completed in 1227 ms
2024-10-19T14:40:00.016+05:30  INFO 13124 --- [Mini] [restartedMain] com.zaxxer.hikari.HikariDataSource       : HikariPool-1 - Starting...
2024-10-19T14:40:00.335+05:30  INFO 13124 --- [Mini] [restartedMain] com.zaxxer.hikari.pool.HikariPool        : HikariPool-1 - Added connection com.mysql.cj.jdbc.ConnectionImpl@49b50ccb
2024-10-19T14:40:00.337+05:30  INFO 13124 --- [Mini] [restartedMain] com.zaxxer.hikari.HikariDataSource       : HikariPool-1 - Start completed.
2024-10-19T14:40:00.348+05:30  INFO 13124 --- [Mini] [restartedMain] o.s.b.a.h2.H2ConsoleAutoConfiguration    : H2 console available at '/h2-console'. Database available at 'jdbc:mysql://localhost:3306/mini'
2024-10-19T14:40:00.485+05:30  INFO 13124 --- [Mini] [restartedMain] o.hibernate.jpa.internal.util.LogHelper  : HHH000204: Processing PersistenceUnitInfo [name: default]
2024-10-19T14:40:00.567+05:30  INFO 13124 --- [Mini] [restartedMain] org.hibernate.Version                    : HHH000412: Hibernate ORM core version 6.5.3.Final
2024-10-19T14:40:00.617+05:30  INFO 13124 --- [Mini] [restartedMain] o.h.c.internal.RegionFactoryInitiator    : HHH000026: Second-level cache disabled
2024-10-19T14:40:00.928+05:30  INFO 13124 --- [Mini] [restartedMain] o.s.o.j.p.SpringPersistenceUnitInfo      : No LoadTimeWeaver setup: ignoring JPA class transformer
2024-10-19T14:40:01.981+05:30  INFO 13124 --- [Mini] [restartedMain] o.h.e.t.j.p.i.JtaPlatformInitiator       : HHH000489: No JTA platform available (set 'hibernate.transaction.jta.platform' to enable JTA platform integration)
2024-10-19T14:40:02.081+05:30  INFO 13124 --- [Mini] [restartedMain] j.LocalContainerEntityManagerFactoryBean : Initialized JPA EntityManagerFactory for persistence unit 'default'
2024-10-19T14:40:02.435+05:30  WARN 13124 --- [Mini] [restartedMain] JpaBaseConfiguration$JpaWebConfiguration : spring.jpa.open-in-view is enabled by default. Therefore, database queries may be performed during view rendering. Explicitly configure spring.jpa.open-in-view to disable this warning
2024-10-19T14:40:02.776+05:30  INFO 13124 --- [Mini] [restartedMain] o.s.b.d.a.OptionalLiveReloadServer       : LiveReload server is running on port 35729
2024-10-19T14:40:02.813+05:30  INFO 13124 --- [Mini] [restartedMain] o.s.b.w.embedded.tomcat.TomcatWebServer  : Tomcat started on port 8080 (http) with context path '/'
2024-10-19T14:40:02.825+05:30  INFO 13124 --- [Mini] [restartedMain] com.ashok.MiniApplication                : Started MiniApplication in 4.466 seconds (process running for 5.131)
2024-10-19T14:40:28.237+05:30  INFO 13124 --- [Mini] [http-nio-8080-exec-3] o.a.c.c.C.[Tomcat].[localhost].[/]       : Initializing Spring DispatcherServlet 'dispatcherServlet'
2024-10-19T14:40:28.238+05:30  INFO 13124 --- [Mini] [http-nio-8080-exec-3] o.s.web.servlet.DispatcherServlet        : Initializing Servlet 'dispatcherServlet'
2024-10-19T14:40:28.241+05:30  INFO 13124 --- [Mini] [http-nio-8080-exec-3] o.s.web.servlet.DispatcherServlet        : Completed initialization in 3 ms
2024-10-19T14:41:10.617+05:30  WARN 13124 --- [Mini] [http-nio-8080-exec-4] .m.m.a.ExceptionHandlerExceptionResolver : Resolved [org.springframework.transaction.TransactionSystemException: Could not commit JPA transaction]
2024-10-19T14:41:56.755+05:30  INFO 13124 --- [Mini] [File Watcher] rtingClassPathChangeChangedEventListener : Restarting due to 1 class path change (0 additions, 0 deletions, 1 modification)
2024-10-19T14:41:56.882+05:30  INFO 13124 --- [Mini] [Thread-5] j.LocalContainerEntityManagerFactoryBean : Closing JPA EntityManagerFactory for persistence unit 'default'
2024-10-19T14:41:56.886+05:30  INFO 13124 --- [Mini] [Thread-5] com.zaxxer.hikari.HikariDataSource       : HikariPool-1 - Shutdown initiated...
2024-10-19T14:41:56.895+05:30  INFO 13124 --- [Mini] [Thread-5] com.zaxxer.hikari.HikariDataSource       : HikariPool-1 - Shutdown completed.
2024-10-19T14:41:56.972+05:30  INFO 13124 --- [Mini] [restartedMain] com.ashok.MiniApplication                : Starting MiniApplication using Java 17.0.10 with PID 13124 (C:\Users\ashok\OneDrive\Desktop\SpringBoot Pratices\Mini\Mini\target\classes started by ashok in C:\Users\ashok\OneDrive\Desktop\SpringBoot Pratices\Mini\Mini)
2024-10-19T14:41:56.973+05:30  INFO 13124 --- [Mini] [restartedMain] com.ashok.MiniApplication                : No active profile set, falling back to 1 default profile: "default"
2024-10-19T14:41:57.108+05:30  INFO 13124 --- [Mini] [restartedMain] .s.d.r.c.RepositoryConfigurationDelegate : Bootstrapping Spring Data JPA repositories in DEFAULT mode.
2024-10-19T14:41:57.119+05:30  INFO 13124 --- [Mini] [restartedMain] .s.d.r.c.RepositoryConfigurationDelegate : Finished Spring Data repository scanning in 10 ms. Found 4 JPA repository interfaces.
2024-10-19T14:41:57.196+05:30  INFO 13124 --- [Mini] [restartedMain] o.s.b.w.embedded.tomcat.TomcatWebServer  : Tomcat initialized with port 8080 (http)
2024-10-19T14:41:57.196+05:30  INFO 13124 --- [Mini] [restartedMain] o.apache.catalina.core.StandardService   : Starting service [Tomcat]
2024-10-19T14:41:57.197+05:30  INFO 13124 --- [Mini] [restartedMain] o.apache.catalina.core.StandardEngine    : Starting Servlet engine: [Apache Tomcat/10.1.30]
2024-10-19T14:41:57.213+05:30  INFO 13124 --- [Mini] [restartedMain] o.a.c.c.C.[Tomcat].[localhost].[/]       : Initializing Spring embedded WebApplicationContext
2024-10-19T14:41:57.213+05:30  INFO 13124 --- [Mini] [restartedMain] w.s.c.ServletWebServerApplicationContext : Root WebApplicationContext: initialization completed in 239 ms
2024-10-19T14:41:57.227+05:30  INFO 13124 --- [Mini] [restartedMain] com.zaxxer.hikari.HikariDataSource       : HikariPool-2 - Starting...
2024-10-19T14:41:57.247+05:30  INFO 13124 --- [Mini] [restartedMain] com.zaxxer.hikari.pool.HikariPool        : HikariPool-2 - Added connection com.mysql.cj.jdbc.ConnectionImpl@57c2917c
2024-10-19T14:41:57.247+05:30  INFO 13124 --- [Mini] [restartedMain] com.zaxxer.hikari.HikariDataSource       : HikariPool-2 - Start completed.
2024-10-19T14:41:57.247+05:30  INFO 13124 --- [Mini] [restartedMain] o.s.b.a.h2.H2ConsoleAutoConfiguration    : H2 console available at '/h2-console'. Database available at 'jdbc:mysql://localhost:3306/mini'
2024-10-19T14:41:57.268+05:30  INFO 13124 --- [Mini] [restartedMain] o.hibernate.jpa.internal.util.LogHelper  : HHH000204: Processing PersistenceUnitInfo [name: default]
2024-10-19T14:41:57.271+05:30  INFO 13124 --- [Mini] [restartedMain] o.h.c.internal.RegionFactoryInitiator    : HHH000026: Second-level cache disabled
2024-10-19T14:41:57.282+05:30  INFO 13124 --- [Mini] [restartedMain] o.s.o.j.p.SpringPersistenceUnitInfo      : No LoadTimeWeaver setup: ignoring JPA class transformer
2024-10-19T14:41:57.386+05:30  INFO 13124 --- [Mini] [restartedMain] o.h.e.t.j.p.i.JtaPlatformInitiator       : HHH000489: No JTA platform available (set 'hibernate.transaction.jta.platform' to enable JTA platform integration)
2024-10-19T14:41:57.451+05:30  INFO 13124 --- [Mini] [restartedMain] j.LocalContainerEntityManagerFactoryBean : Initialized JPA EntityManagerFactory for persistence unit 'default'
2024-10-19T14:41:57.544+05:30  WARN 13124 --- [Mini] [restartedMain] JpaBaseConfiguration$JpaWebConfiguration : spring.jpa.open-in-view is enabled by default. Therefore, database queries may be performed during view rendering. Explicitly configure spring.jpa.open-in-view to disable this warning
2024-10-19T14:41:57.633+05:30  INFO 13124 --- [Mini] [restartedMain] o.s.b.d.a.OptionalLiveReloadServer       : LiveReload server is running on port 35729
2024-10-19T14:41:57.644+05:30  INFO 13124 --- [Mini] [restartedMain] o.s.b.w.embedded.tomcat.TomcatWebServer  : Tomcat started on port 8080 (http) with context path '/'
2024-10-19T14:41:57.648+05:30  INFO 13124 --- [Mini] [restartedMain] com.ashok.MiniApplication                : Started MiniApplication in 0.699 seconds (process running for 119.955)
2024-10-19T14:41:57.650+05:30  INFO 13124 --- [Mini] [restartedMain] .ConditionEvaluationDeltaLoggingListener : Condition evaluation unchanged
2024-10-19T14:42:02.791+05:30  INFO 13124 --- [Mini] [http-nio-8080-exec-3] o.a.c.c.C.[Tomcat].[localhost].[/]       : Initializing Spring DispatcherServlet 'dispatcherServlet'
2024-10-19T14:42:02.791+05:30  INFO 13124 --- [Mini] [http-nio-8080-exec-3] o.s.web.servlet.DispatcherServlet        : Initializing Servlet 'dispatcherServlet'
2024-10-19T14:42:02.793+05:30  INFO 13124 --- [Mini] [http-nio-8080-exec-3] o.s.web.servlet.DispatcherServlet        : Completed initialization in 2 ms
2024-10-19T14:42:02.825+05:30  WARN 13124 --- [Mini] [http-nio-8080-exec-3] .m.m.a.ExceptionHandlerExceptionResolver : Resolved [org.springframework.web.bind.MethodArgumentNotValidException: Validation failed for argument [0] in public boolean com.ashok.controller.UserController.addUser(com.ashok.entity.User) with 2 errors: [Field error in object 'user' on field 'userName': rejected value []; codes [Size.user.userName,Size.userName,Size.java.lang.String,Size]; arguments [org.springframework.context.support.DefaultMessageSourceResolvable: codes [user.userName,userName]; arguments []; default message [userName],2147483647,2]; default message [user name atleast 2 characters]] [Field error in object 'user' on field 'userName': rejected value []; codes [NotEmpty.user.userName,NotEmpty.userName,NotEmpty.java.lang.String,NotEmpty]; arguments [org.springframework.context.support.DefaultMessageSourceResolvable: codes [user.userName,userName]; arguments []; default message [userName]]; default message [must not be empty]] ]
2024-10-19T14:43:35.566+05:30  INFO 13124 --- [Mini] [File Watcher] rtingClassPathChangeChangedEventListener : Restarting due to 1 class path change (1 addition, 0 deletions, 0 modifications)
2024-10-19T14:43:35.694+05:30  INFO 13124 --- [Mini] [Thread-7] j.LocalContainerEntityManagerFactoryBean : Closing JPA EntityManagerFactory for persistence unit 'default'
2024-10-19T14:43:35.695+05:30  INFO 13124 --- [Mini] [Thread-7] com.zaxxer.hikari.HikariDataSource       : HikariPool-2 - Shutdown initiated...
2024-10-19T14:43:35.699+05:30  INFO 13124 --- [Mini] [Thread-7] com.zaxxer.hikari.HikariDataSource       : HikariPool-2 - Shutdown completed.
2024-10-19T14:43:35.773+05:30  INFO 13124 --- [Mini] [restartedMain] com.ashok.MiniApplication                : Starting MiniApplication using Java 17.0.10 with PID 13124 (C:\Users\ashok\OneDrive\Desktop\SpringBoot Pratices\Mini\Mini\target\classes started by ashok in C:\Users\ashok\OneDrive\Desktop\SpringBoot Pratices\Mini\Mini)
2024-10-19T14:43:35.773+05:30  INFO 13124 --- [Mini] [restartedMain] com.ashok.MiniApplication                : No active profile set, falling back to 1 default profile: "default"
2024-10-19T14:43:35.893+05:30  INFO 13124 --- [Mini] [restartedMain] .s.d.r.c.RepositoryConfigurationDelegate : Bootstrapping Spring Data JPA repositories in DEFAULT mode.
2024-10-19T14:43:35.904+05:30  INFO 13124 --- [Mini] [restartedMain] .s.d.r.c.RepositoryConfigurationDelegate : Finished Spring Data repository scanning in 10 ms. Found 4 JPA repository interfaces.
2024-10-19T14:43:35.975+05:30  INFO 13124 --- [Mini] [restartedMain] o.s.b.w.embedded.tomcat.TomcatWebServer  : Tomcat initialized with port 8080 (http)
2024-10-19T14:43:35.976+05:30  INFO 13124 --- [Mini] [restartedMain] o.apache.catalina.core.StandardService   : Starting service [Tomcat]
2024-10-19T14:43:35.976+05:30  INFO 13124 --- [Mini] [restartedMain] o.apache.catalina.core.StandardEngine    : Starting Servlet engine: [Apache Tomcat/10.1.30]
2024-10-19T14:43:35.991+05:30  INFO 13124 --- [Mini] [restartedMain] o.a.c.c.C.[Tomcat].[localhost].[/]       : Initializing Spring embedded WebApplicationContext
2024-10-19T14:43:35.991+05:30  INFO 13124 --- [Mini] [restartedMain] w.s.c.ServletWebServerApplicationContext : Root WebApplicationContext: initialization completed in 217 ms
2024-10-19T14:43:36.001+05:30  INFO 13124 --- [Mini] [restartedMain] com.zaxxer.hikari.HikariDataSource       : HikariPool-3 - Starting...
2024-10-19T14:43:36.017+05:30  INFO 13124 --- [Mini] [restartedMain] com.zaxxer.hikari.pool.HikariPool        : HikariPool-3 - Added connection com.mysql.cj.jdbc.ConnectionImpl@3c819282
2024-10-19T14:43:36.017+05:30  INFO 13124 --- [Mini] [restartedMain] com.zaxxer.hikari.HikariDataSource       : HikariPool-3 - Start completed.
2024-10-19T14:43:36.018+05:30  INFO 13124 --- [Mini] [restartedMain] o.s.b.a.h2.H2ConsoleAutoConfiguration    : H2 console available at '/h2-console'. Database available at 'jdbc:mysql://localhost:3306/mini'
2024-10-19T14:43:36.035+05:30  INFO 13124 --- [Mini] [restartedMain] o.hibernate.jpa.internal.util.LogHelper  : HHH000204: Processing PersistenceUnitInfo [name: default]
2024-10-19T14:43:36.038+05:30  INFO 13124 --- [Mini] [restartedMain] o.h.c.internal.RegionFactoryInitiator    : HHH000026: Second-level cache disabled
2024-10-19T14:43:36.044+05:30  INFO 13124 --- [Mini] [restartedMain] o.s.o.j.p.SpringPersistenceUnitInfo      : No LoadTimeWeaver setup: ignoring JPA class transformer
2024-10-19T14:43:36.122+05:30  INFO 13124 --- [Mini] [restartedMain] o.h.e.t.j.p.i.JtaPlatformInitiator       : HHH000489: No JTA platform available (set 'hibernate.transaction.jta.platform' to enable JTA platform integration)
2024-10-19T14:43:36.169+05:30  INFO 13124 --- [Mini] [restartedMain] j.LocalContainerEntityManagerFactoryBean : Initialized JPA EntityManagerFactory for persistence unit 'default'
2024-10-19T14:43:36.242+05:30  WARN 13124 --- [Mini] [restartedMain] JpaBaseConfiguration$JpaWebConfiguration : spring.jpa.open-in-view is enabled by default. Therefore, database queries may be performed during view rendering. Explicitly configure spring.jpa.open-in-view to disable this warning
2024-10-19T14:43:36.323+05:30  INFO 13124 --- [Mini] [restartedMain] o.s.b.d.a.OptionalLiveReloadServer       : LiveReload server is running on port 35729
2024-10-19T14:43:36.334+05:30  INFO 13124 --- [Mini] [restartedMain] o.s.b.w.embedded.tomcat.TomcatWebServer  : Tomcat started on port 8080 (http) with context path '/'
2024-10-19T14:43:36.338+05:30  INFO 13124 --- [Mini] [restartedMain] com.ashok.MiniApplication                : Started MiniApplication in 0.591 seconds (process running for 218.645)
2024-10-19T14:43:36.340+05:30  INFO 13124 --- [Mini] [restartedMain] .ConditionEvaluationDeltaLoggingListener : Condition evaluation unchanged
2024-10-19T14:53:41.565+05:30  INFO 13124 --- [Mini] [File Watcher] rtingClassPathChangeChangedEventListener : Restarting due to 1 class path change (0 additions, 0 deletions, 1 modification)
2024-10-19T14:53:41.697+05:30  INFO 13124 --- [Mini] [Thread-11] j.LocalContainerEntityManagerFactoryBean : Closing JPA EntityManagerFactory for persistence unit 'default'
2024-10-19T14:53:41.700+05:30  INFO 13124 --- [Mini] [Thread-11] com.zaxxer.hikari.HikariDataSource       : HikariPool-3 - Shutdown initiated...
2024-10-19T14:53:41.716+05:30  INFO 13124 --- [Mini] [Thread-11] com.zaxxer.hikari.HikariDataSource       : HikariPool-3 - Shutdown completed.
2024-10-19T14:53:41.892+05:30  INFO 13124 --- [Mini] [restartedMain] com.ashok.MiniApplication                : Starting MiniApplication using Java 17.0.10 with PID 13124 (C:\Users\ashok\OneDrive\Desktop\SpringBoot Pratices\Mini\Mini\target\classes started by ashok in C:\Users\ashok\OneDrive\Desktop\SpringBoot Pratices\Mini\Mini)
2024-10-19T14:53:41.892+05:30  INFO 13124 --- [Mini] [restartedMain] com.ashok.MiniApplication                : No active profile set, falling back to 1 default profile: "default"
2024-10-19T14:53:42.053+05:30  INFO 13124 --- [Mini] [restartedMain] .s.d.r.c.RepositoryConfigurationDelegate : Bootstrapping Spring Data JPA repositories in DEFAULT mode.
2024-10-19T14:53:42.066+05:30  INFO 13124 --- [Mini] [restartedMain] .s.d.r.c.RepositoryConfigurationDelegate : Finished Spring Data repository scanning in 13 ms. Found 4 JPA repository interfaces.
2024-10-19T14:53:42.157+05:30  INFO 13124 --- [Mini] [restartedMain] o.s.b.w.embedded.tomcat.TomcatWebServer  : Tomcat initialized with port 8080 (http)
2024-10-19T14:53:42.159+05:30  INFO 13124 --- [Mini] [restartedMain] o.apache.catalina.core.StandardService   : Starting service [Tomcat]
2024-10-19T14:53:42.160+05:30  INFO 13124 --- [Mini] [restartedMain] o.apache.catalina.core.StandardEngine    : Starting Servlet engine: [Apache Tomcat/10.1.30]
2024-10-19T14:53:42.175+05:30  INFO 13124 --- [Mini] [restartedMain] o.a.c.c.C.[Tomcat].[localhost].[/]       : Initializing Spring embedded WebApplicationContext
2024-10-19T14:53:42.175+05:30  INFO 13124 --- [Mini] [restartedMain] w.s.c.ServletWebServerApplicationContext : Root WebApplicationContext: initialization completed in 281 ms
2024-10-19T14:53:42.193+05:30  INFO 13124 --- [Mini] [restartedMain] com.zaxxer.hikari.HikariDataSource       : HikariPool-4 - Starting...
2024-10-19T14:53:42.215+05:30  INFO 13124 --- [Mini] [restartedMain] com.zaxxer.hikari.pool.HikariPool        : HikariPool-4 - Added connection com.mysql.cj.jdbc.ConnectionImpl@62721cce
2024-10-19T14:53:42.215+05:30  INFO 13124 --- [Mini] [restartedMain] com.zaxxer.hikari.HikariDataSource       : HikariPool-4 - Start completed.
2024-10-19T14:53:42.215+05:30  INFO 13124 --- [Mini] [restartedMain] o.s.b.a.h2.H2ConsoleAutoConfiguration    : H2 console available at '/h2-console'. Database available at 'jdbc:mysql://localhost:3306/mini'
2024-10-19T14:53:42.249+05:30  INFO 13124 --- [Mini] [restartedMain] o.hibernate.jpa.internal.util.LogHelper  : HHH000204: Processing PersistenceUnitInfo [name: default]
2024-10-19T14:53:42.251+05:30  INFO 13124 --- [Mini] [restartedMain] o.h.c.internal.RegionFactoryInitiator    : HHH000026: Second-level cache disabled
2024-10-19T14:53:42.260+05:30  INFO 13124 --- [Mini] [restartedMain] o.s.o.j.p.SpringPersistenceUnitInfo      : No LoadTimeWeaver setup: ignoring JPA class transformer
2024-10-19T14:53:42.339+05:30  INFO 13124 --- [Mini] [restartedMain] o.h.e.t.j.p.i.JtaPlatformInitiator       : HHH000489: No JTA platform available (set 'hibernate.transaction.jta.platform' to enable JTA platform integration)
2024-10-19T14:53:42.390+05:30  INFO 13124 --- [Mini] [restartedMain] j.LocalContainerEntityManagerFactoryBean : Initialized JPA EntityManagerFactory for persistence unit 'default'
2024-10-19T14:53:42.470+05:30  WARN 13124 --- [Mini] [restartedMain] JpaBaseConfiguration$JpaWebConfiguration : spring.jpa.open-in-view is enabled by default. Therefore, database queries may be performed during view rendering. Explicitly configure spring.jpa.open-in-view to disable this warning
2024-10-19T14:53:42.575+05:30  INFO 13124 --- [Mini] [restartedMain] o.s.b.d.a.OptionalLiveReloadServer       : LiveReload server is running on port 35729
2024-10-19T14:53:42.586+05:30  INFO 13124 --- [Mini] [restartedMain] o.s.b.w.embedded.tomcat.TomcatWebServer  : Tomcat started on port 8080 (http) with context path '/'
2024-10-19T14:53:42.589+05:30  INFO 13124 --- [Mini] [restartedMain] com.ashok.MiniApplication                : Started MiniApplication in 0.722 seconds (process running for 824.897)
2024-10-19T14:53:42.590+05:30  INFO 13124 --- [Mini] [restartedMain] .ConditionEvaluationDeltaLoggingListener : Condition evaluation unchanged
2024-10-19T14:53:50.694+05:30  INFO 13124 --- [Mini] [http-nio-8080-exec-2] o.a.c.c.C.[Tomcat].[localhost].[/]       : Initializing Spring DispatcherServlet 'dispatcherServlet'
2024-10-19T14:53:50.694+05:30  INFO 13124 --- [Mini] [http-nio-8080-exec-2] o.s.web.servlet.DispatcherServlet        : Initializing Servlet 'dispatcherServlet'
2024-10-19T14:53:50.696+05:30  INFO 13124 --- [Mini] [http-nio-8080-exec-2] o.s.web.servlet.DispatcherServlet        : Completed initialization in 2 ms
2024-10-19T14:53:50.733+05:30  WARN 13124 --- [Mini] [http-nio-8080-exec-2] .m.m.a.ExceptionHandlerExceptionResolver : Resolved [org.springframework.web.bind.MethodArgumentNotValidException: Validation failed for argument [0] in public boolean com.ashok.controller.UserController.addUser(com.ashok.entity.User) with 2 errors: [Field error in object 'user' on field 'userName': rejected value []; codes [NotEmpty.user.userName,NotEmpty.userName,NotEmpty.java.lang.String,NotEmpty]; arguments [org.springframework.context.support.DefaultMessageSourceResolvable: codes [user.userName,userName]; arguments []; default message [userName]]; default message [must not be empty]] [Field error in object 'user' on field 'userName': rejected value []; codes [Size.user.userName,Size.userName,Size.java.lang.String,Size]; arguments [org.springframework.context.support.DefaultMessageSourceResolvable: codes [user.userName,userName]; arguments []; default message [userName],2147483647,2]; default message [user name atleast 2 characters]] ]
2024-10-19T15:00:54.666+05:30  INFO 13124 --- [Mini] [File Watcher] rtingClassPathChangeChangedEventListener : Restarting due to 1 class path change (0 additions, 0 deletions, 1 modification)
2024-10-19T15:00:54.970+05:30  INFO 13124 --- [Mini] [Thread-15] j.LocalContainerEntityManagerFactoryBean : Closing JPA EntityManagerFactory for persistence unit 'default'
2024-10-19T15:00:55.017+05:30  INFO 13124 --- [Mini] [Thread-15] com.zaxxer.hikari.HikariDataSource       : HikariPool-4 - Shutdown initiated...
2024-10-19T15:00:55.084+05:30  INFO 13124 --- [Mini] [Thread-15] com.zaxxer.hikari.HikariDataSource       : HikariPool-4 - Shutdown completed.
2024-10-19T15:00:55.896+05:30  INFO 13124 --- [Mini] [restartedMain] com.ashok.MiniApplication                : Starting MiniApplication using Java 17.0.10 with PID 13124 (C:\Users\ashok\OneDrive\Desktop\SpringBoot Pratices\Mini\Mini\target\classes started by ashok in C:\Users\ashok\OneDrive\Desktop\SpringBoot Pratices\Mini\Mini)
2024-10-19T15:00:55.897+05:30  INFO 13124 --- [Mini] [restartedMain] com.ashok.MiniApplication                : No active profile set, falling back to 1 default profile: "default"
2024-10-19T15:00:56.130+05:30  INFO 13124 --- [Mini] [restartedMain] .s.d.r.c.RepositoryConfigurationDelegate : Bootstrapping Spring Data JPA repositories in DEFAULT mode.
2024-10-19T15:00:56.153+05:30  INFO 13124 --- [Mini] [restartedMain] .s.d.r.c.RepositoryConfigurationDelegate : Finished Spring Data repository scanning in 22 ms. Found 4 JPA repository interfaces.
2024-10-19T15:00:56.299+05:30  INFO 13124 --- [Mini] [restartedMain] o.s.b.w.embedded.tomcat.TomcatWebServer  : Tomcat initialized with port 8080 (http)
2024-10-19T15:00:56.300+05:30  INFO 13124 --- [Mini] [restartedMain] o.apache.catalina.core.StandardService   : Starting service [Tomcat]
2024-10-19T15:00:56.301+05:30  INFO 13124 --- [Mini] [restartedMain] o.apache.catalina.core.StandardEngine    : Starting Servlet engine: [Apache Tomcat/10.1.30]
2024-10-19T15:00:56.327+05:30  INFO 13124 --- [Mini] [restartedMain] o.a.c.c.C.[Tomcat].[localhost].[/]       : Initializing Spring embedded WebApplicationContext
2024-10-19T15:00:56.327+05:30  INFO 13124 --- [Mini] [restartedMain] w.s.c.ServletWebServerApplicationContext : Root WebApplicationContext: initialization completed in 428 ms
2024-10-19T15:00:56.353+05:30  INFO 13124 --- [Mini] [restartedMain] com.zaxxer.hikari.HikariDataSource       : HikariPool-5 - Starting...
2024-10-19T15:00:56.385+05:30  INFO 13124 --- [Mini] [restartedMain] com.zaxxer.hikari.pool.HikariPool        : HikariPool-5 - Added connection com.mysql.cj.jdbc.ConnectionImpl@61c499be
2024-10-19T15:00:56.385+05:30  INFO 13124 --- [Mini] [restartedMain] com.zaxxer.hikari.HikariDataSource       : HikariPool-5 - Start completed.
2024-10-19T15:00:56.385+05:30  INFO 13124 --- [Mini] [restartedMain] o.s.b.a.h2.H2ConsoleAutoConfiguration    : H2 console available at '/h2-console'. Database available at 'jdbc:mysql://localhost:3306/mini'
2024-10-19T15:00:56.405+05:30  INFO 13124 --- [Mini] [restartedMain] o.hibernate.jpa.internal.util.LogHelper  : HHH000204: Processing PersistenceUnitInfo [name: default]
2024-10-19T15:00:56.407+05:30  INFO 13124 --- [Mini] [restartedMain] o.h.c.internal.RegionFactoryInitiator    : HHH000026: Second-level cache disabled
2024-10-19T15:00:56.414+05:30  INFO 13124 --- [Mini] [restartedMain] o.s.o.j.p.SpringPersistenceUnitInfo      : No LoadTimeWeaver setup: ignoring JPA class transformer
2024-10-19T15:00:56.499+05:30  INFO 13124 --- [Mini] [restartedMain] o.h.e.t.j.p.i.JtaPlatformInitiator       : HHH000489: No JTA platform available (set 'hibernate.transaction.jta.platform' to enable JTA platform integration)
2024-10-19T15:00:56.577+05:30  INFO 13124 --- [Mini] [restartedMain] j.LocalContainerEntityManagerFactoryBean : Initialized JPA EntityManagerFactory for persistence unit 'default'
2024-10-19T15:00:56.670+05:30  WARN 13124 --- [Mini] [restartedMain] JpaBaseConfiguration$JpaWebConfiguration : spring.jpa.open-in-view is enabled by default. Therefore, database queries may be performed during view rendering. Explicitly configure spring.jpa.open-in-view to disable this warning
2024-10-19T15:00:56.763+05:30  INFO 13124 --- [Mini] [restartedMain] o.s.b.d.a.OptionalLiveReloadServer       : LiveReload server is running on port 35729
2024-10-19T15:00:56.777+05:30  INFO 13124 --- [Mini] [restartedMain] o.s.b.w.embedded.tomcat.TomcatWebServer  : Tomcat started on port 8080 (http) with context path '/'
2024-10-19T15:00:56.782+05:30  INFO 13124 --- [Mini] [restartedMain] com.ashok.MiniApplication                : Started MiniApplication in 0.919 seconds (process running for 1259.09)
2024-10-19T15:00:56.783+05:30  INFO 13124 --- [Mini] [restartedMain] .ConditionEvaluationDeltaLoggingListener : Condition evaluation unchanged
2024-10-19T15:01:15.208+05:30  INFO 13124 --- [Mini] [http-nio-8080-exec-3] o.a.c.c.C.[Tomcat].[localhost].[/]       : Initializing Spring DispatcherServlet 'dispatcherServlet'
2024-10-19T15:01:15.208+05:30  INFO 13124 --- [Mini] [http-nio-8080-exec-3] o.s.web.servlet.DispatcherServlet        : Initializing Servlet 'dispatcherServlet'
2024-10-19T15:01:15.210+05:30  INFO 13124 --- [Mini] [http-nio-8080-exec-3] o.s.web.servlet.DispatcherServlet        : Completed initialization in 2 ms
2024-10-19T15:01:15.250+05:30  WARN 13124 --- [Mini] [http-nio-8080-exec-3] .m.m.a.ExceptionHandlerExceptionResolver : Resolved [org.springframework.web.bind.MethodArgumentNotValidException: Validation failed for argument [0] in public boolean com.ashok.controller.UserController.addUser(com.ashok.entity.User) with 2 errors: [Field error in object 'user' on field 'userName': rejected value []; codes [Size.user.userName,Size.userName,Size.java.lang.String,Size]; arguments [org.springframework.context.support.DefaultMessageSourceResolvable: codes [user.userName,userName]; arguments []; default message [userName],2147483647,2]; default message [user name atleast 2 characters]] [Field error in object 'user' on field 'userName': rejected value []; codes [NotEmpty.user.userName,NotEmpty.userName,NotEmpty.java.lang.String,NotEmpty]; arguments [org.springframework.context.support.DefaultMessageSourceResolvable: codes [user.userName,userName]; arguments []; default message [userName]]; default message [must not be empty]] ]
2024-10-19T15:12:42.495+05:30  INFO 13124 --- [Mini] [File Watcher] rtingClassPathChangeChangedEventListener : Restarting due to 1 class path change (0 additions, 0 deletions, 1 modification)
2024-10-19T15:12:42.915+05:30  INFO 13124 --- [Mini] [Thread-19] j.LocalContainerEntityManagerFactoryBean : Closing JPA EntityManagerFactory for persistence unit 'default'
2024-10-19T15:12:42.949+05:30  INFO 13124 --- [Mini] [Thread-19] com.zaxxer.hikari.HikariDataSource       : HikariPool-5 - Shutdown initiated...
2024-10-19T15:12:43.008+05:30  INFO 13124 --- [Mini] [Thread-19] com.zaxxer.hikari.HikariDataSource       : HikariPool-5 - Shutdown completed.
2024-10-19T15:12:43.553+05:30  INFO 13124 --- [Mini] [restartedMain] com.ashok.MiniApplication                : Starting MiniApplication using Java 17.0.10 with PID 13124 (C:\Users\ashok\OneDrive\Desktop\SpringBoot Pratices\Mini\Mini\target\classes started by ashok in C:\Users\ashok\OneDrive\Desktop\SpringBoot Pratices\Mini\Mini)
2024-10-19T15:12:43.553+05:30  INFO 13124 --- [Mini] [restartedMain] com.ashok.MiniApplication                : No active profile set, falling back to 1 default profile: "default"
2024-10-19T15:12:43.848+05:30  INFO 13124 --- [Mini] [restartedMain] .s.d.r.c.RepositoryConfigurationDelegate : Bootstrapping Spring Data JPA repositories in DEFAULT mode.
2024-10-19T15:12:43.865+05:30  INFO 13124 --- [Mini] [restartedMain] .s.d.r.c.RepositoryConfigurationDelegate : Finished Spring Data repository scanning in 16 ms. Found 4 JPA repository interfaces.
2024-10-19T15:12:44.020+05:30  INFO 13124 --- [Mini] [restartedMain] o.s.b.w.embedded.tomcat.TomcatWebServer  : Tomcat initialized with port 8080 (http)
2024-10-19T15:12:44.021+05:30  INFO 13124 --- [Mini] [restartedMain] o.apache.catalina.core.StandardService   : Starting service [Tomcat]
2024-10-19T15:12:44.022+05:30  INFO 13124 --- [Mini] [restartedMain] o.apache.catalina.core.StandardEngine    : Starting Servlet engine: [Apache Tomcat/10.1.30]
2024-10-19T15:12:44.062+05:30  INFO 13124 --- [Mini] [restartedMain] o.a.c.c.C.[Tomcat].[localhost].[/]       : Initializing Spring embedded WebApplicationContext
2024-10-19T15:12:44.063+05:30  INFO 13124 --- [Mini] [restartedMain] w.s.c.ServletWebServerApplicationContext : Root WebApplicationContext: initialization completed in 507 ms
2024-10-19T15:12:44.140+05:30  INFO 13124 --- [Mini] [restartedMain] com.zaxxer.hikari.HikariDataSource       : HikariPool-6 - Starting...
2024-10-19T15:12:44.268+05:30  INFO 13124 --- [Mini] [restartedMain] com.zaxxer.hikari.pool.HikariPool        : HikariPool-6 - Added connection com.mysql.cj.jdbc.ConnectionImpl@6ece712b
2024-10-19T15:12:44.268+05:30  INFO 13124 --- [Mini] [restartedMain] com.zaxxer.hikari.HikariDataSource       : HikariPool-6 - Start completed.
2024-10-19T15:12:44.269+05:30  INFO 13124 --- [Mini] [restartedMain] o.s.b.a.h2.H2ConsoleAutoConfiguration    : H2 console available at '/h2-console'. Database available at 'jdbc:mysql://localhost:3306/mini'
2024-10-19T15:12:44.296+05:30  INFO 13124 --- [Mini] [restartedMain] o.hibernate.jpa.internal.util.LogHelper  : HHH000204: Processing PersistenceUnitInfo [name: default]
2024-10-19T15:12:44.299+05:30  INFO 13124 --- [Mini] [restartedMain] o.h.c.internal.RegionFactoryInitiator    : HHH000026: Second-level cache disabled
2024-10-19T15:12:44.324+05:30  INFO 13124 --- [Mini] [restartedMain] o.s.o.j.p.SpringPersistenceUnitInfo      : No LoadTimeWeaver setup: ignoring JPA class transformer
2024-10-19T15:12:44.441+05:30  INFO 13124 --- [Mini] [restartedMain] o.h.e.t.j.p.i.JtaPlatformInitiator       : HHH000489: No JTA platform available (set 'hibernate.transaction.jta.platform' to enable JTA platform integration)
2024-10-19T15:12:44.508+05:30  INFO 13124 --- [Mini] [restartedMain] j.LocalContainerEntityManagerFactoryBean : Initialized JPA EntityManagerFactory for persistence unit 'default'
2024-10-19T15:12:44.608+05:30  WARN 13124 --- [Mini] [restartedMain] JpaBaseConfiguration$JpaWebConfiguration : spring.jpa.open-in-view is enabled by default. Therefore, database queries may be performed during view rendering. Explicitly configure spring.jpa.open-in-view to disable this warning
2024-10-19T15:12:44.728+05:30  INFO 13124 --- [Mini] [restartedMain] o.s.b.d.a.OptionalLiveReloadServer       : LiveReload server is running on port 35729
2024-10-19T15:12:44.742+05:30  INFO 13124 --- [Mini] [restartedMain] o.s.b.w.embedded.tomcat.TomcatWebServer  : Tomcat started on port 8080 (http) with context path '/'
2024-10-19T15:12:44.748+05:30  INFO 13124 --- [Mini] [restartedMain] com.ashok.MiniApplication                : Started MiniApplication in 1.261 seconds (process running for 1967.055)
2024-10-19T15:12:44.749+05:30  INFO 13124 --- [Mini] [restartedMain] .ConditionEvaluationDeltaLoggingListener : Condition evaluation unchanged
2024-10-19T15:12:59.017+05:30  INFO 13124 --- [Mini] [http-nio-8080-exec-2] o.a.c.c.C.[Tomcat].[localhost].[/]       : Initializing Spring DispatcherServlet 'dispatcherServlet'
2024-10-19T15:12:59.017+05:30  INFO 13124 --- [Mini] [http-nio-8080-exec-2] o.s.web.servlet.DispatcherServlet        : Initializing Servlet 'dispatcherServlet'
2024-10-19T15:12:59.019+05:30  INFO 13124 --- [Mini] [http-nio-8080-exec-2] o.s.web.servlet.DispatcherServlet        : Completed initialization in 2 ms
2024-10-19T15:12:59.049+05:30  WARN 13124 --- [Mini] [http-nio-8080-exec-2] .m.m.a.ExceptionHandlerExceptionResolver : Resolved [org.springframework.web.bind.MethodArgumentNotValidException: Validation failed for argument [0] in public boolean com.ashok.controller.UserController.addUser(com.ashok.entity.User): [Field error in object 'user' on field 'userName': rejected value []; codes [NotBlank.user.userName,NotBlank.userName,NotBlank.java.lang.String,NotBlank]; arguments [org.springframework.context.support.DefaultMessageSourceResolvable: codes [user.userName,userName]; arguments []; default message [userName]]; default message [Name is mandatory]] ]
2024-10-19T15:25:47.342+05:30  WARN 13124 --- [Mini] [HikariPool-6 housekeeper] com.zaxxer.hikari.pool.HikariPool        : HikariPool-6 - Thread starvation or clock leap detected (housekeeper delta=6m2s821ms434µs600ns).
2024-10-19T15:38:24.091+05:30  WARN 13124 --- [Mini] [HikariPool-6 housekeeper] com.zaxxer.hikari.pool.HikariPool        : HikariPool-6 - Thread starvation or clock leap detected (housekeeper delta=3m36s556ms826µs).
2024-10-19T15:58:45.463+05:30  WARN 13124 --- [Mini] [HikariPool-6 housekeeper] com.zaxxer.hikari.pool.HikariPool        : HikariPool-6 - Thread starvation or clock leap detected (housekeeper delta=2m21s124ms562µs).
2024-10-19T16:08:22.428+05:30  INFO 13124 --- [Mini] [RMI TCP Connection(83)-127.0.0.1] inMXBeanRegistrar$SpringApplicationAdmin : Application shutdown requested.
2024-10-19T16:08:22.873+05:30  INFO 13124 --- [Mini] [RMI TCP Connection(83)-127.0.0.1] j.LocalContainerEntityManagerFactoryBean : Closing JPA EntityManagerFactory for persistence unit 'default'
2024-10-19T16:08:23.002+05:30  INFO 13124 --- [Mini] [RMI TCP Connection(83)-127.0.0.1] com.zaxxer.hikari.HikariDataSource       : HikariPool-6 - Shutdown initiated...
2024-10-19T16:08:23.147+05:30  INFO 13124 --- [Mini] [RMI TCP Connection(83)-127.0.0.1] com.zaxxer.hikari.HikariDataSource       : HikariPool-6 - Shutdown completed.
2024-10-19T16:10:30.455+05:30  INFO 22096 --- [Mini] [restartedMain] com.ashok.MiniApplication                : Starting MiniApplication using Java 17.0.10 with PID 22096 (C:\Users\ashok\OneDrive\Desktop\SpringBoot Pratices\Mini\Mini\target\classes started by ashok in C:\Users\ashok\OneDrive\Desktop\SpringBoot Pratices\Mini\Mini)
2024-10-19T16:10:30.459+05:30  INFO 22096 --- [Mini] [restartedMain] com.ashok.MiniApplication                : No active profile set, falling back to 1 default profile: "default"
2024-10-19T16:10:30.535+05:30  INFO 22096 --- [Mini] [restartedMain] .e.DevToolsPropertyDefaultsPostProcessor : Devtools property defaults active! Set 'spring.devtools.add-properties' to 'false' to disable
2024-10-19T16:10:30.535+05:30  INFO 22096 --- [Mini] [restartedMain] .e.DevToolsPropertyDefaultsPostProcessor : For additional web related logging consider setting the 'logging.level.web' property to 'DEBUG'
2024-10-19T16:10:31.389+05:30  INFO 22096 --- [Mini] [restartedMain] .s.d.r.c.RepositoryConfigurationDelegate : Bootstrapping Spring Data JPA repositories in DEFAULT mode.
2024-10-19T16:10:31.474+05:30  INFO 22096 --- [Mini] [restartedMain] .s.d.r.c.RepositoryConfigurationDelegate : Finished Spring Data repository scanning in 74 ms. Found 4 JPA repository interfaces.
2024-10-19T16:10:32.198+05:30  INFO 22096 --- [Mini] [restartedMain] o.s.b.w.embedded.tomcat.TomcatWebServer  : Tomcat initialized with port 8080 (http)
2024-10-19T16:10:32.218+05:30  INFO 22096 --- [Mini] [restartedMain] o.apache.catalina.core.StandardService   : Starting service [Tomcat]
2024-10-19T16:10:32.219+05:30  INFO 22096 --- [Mini] [restartedMain] o.apache.catalina.core.StandardEngine    : Starting Servlet engine: [Apache Tomcat/10.1.30]
2024-10-19T16:10:32.303+05:30  INFO 22096 --- [Mini] [restartedMain] o.a.c.c.C.[Tomcat].[localhost].[/]       : Initializing Spring embedded WebApplicationContext
2024-10-19T16:10:32.303+05:30  INFO 22096 --- [Mini] [restartedMain] w.s.c.ServletWebServerApplicationContext : Root WebApplicationContext: initialization completed in 1767 ms
2024-10-19T16:10:32.355+05:30  INFO 22096 --- [Mini] [restartedMain] com.zaxxer.hikari.HikariDataSource       : HikariPool-1 - Starting...
2024-10-19T16:10:32.970+05:30  INFO 22096 --- [Mini] [restartedMain] com.zaxxer.hikari.pool.HikariPool        : HikariPool-1 - Added connection com.mysql.cj.jdbc.ConnectionImpl@7e78f7aa
2024-10-19T16:10:32.974+05:30  INFO 22096 --- [Mini] [restartedMain] com.zaxxer.hikari.HikariDataSource       : HikariPool-1 - Start completed.
2024-10-19T16:10:32.988+05:30  INFO 22096 --- [Mini] [restartedMain] o.s.b.a.h2.H2ConsoleAutoConfiguration    : H2 console available at '/h2-console'. Database available at 'jdbc:mysql://localhost:3306/mini'
2024-10-19T16:10:33.161+05:30  INFO 22096 --- [Mini] [restartedMain] o.hibernate.jpa.internal.util.LogHelper  : HHH000204: Processing PersistenceUnitInfo [name: default]
2024-10-19T16:10:33.260+05:30  INFO 22096 --- [Mini] [restartedMain] org.hibernate.Version                    : HHH000412: Hibernate ORM core version 6.5.3.Final
2024-10-19T16:10:33.321+05:30  INFO 22096 --- [Mini] [restartedMain] o.h.c.internal.RegionFactoryInitiator    : HHH000026: Second-level cache disabled
2024-10-19T16:10:33.704+05:30  INFO 22096 --- [Mini] [restartedMain] o.s.o.j.p.SpringPersistenceUnitInfo      : No LoadTimeWeaver setup: ignoring JPA class transformer
2024-10-19T16:10:35.137+05:30  INFO 22096 --- [Mini] [restartedMain] o.h.e.t.j.p.i.JtaPlatformInitiator       : HHH000489: No JTA platform available (set 'hibernate.transaction.jta.platform' to enable JTA platform integration)
2024-10-19T16:10:35.337+05:30  INFO 22096 --- [Mini] [restartedMain] j.LocalContainerEntityManagerFactoryBean : Initialized JPA EntityManagerFactory for persistence unit 'default'
2024-10-19T16:10:35.934+05:30  WARN 22096 --- [Mini] [restartedMain] JpaBaseConfiguration$JpaWebConfiguration : spring.jpa.open-in-view is enabled by default. Therefore, database queries may be performed during view rendering. Explicitly configure spring.jpa.open-in-view to disable this warning
2024-10-19T16:10:36.451+05:30  INFO 22096 --- [Mini] [restartedMain] o.s.b.d.a.OptionalLiveReloadServer       : LiveReload server is running on port 35729
2024-10-19T16:10:36.509+05:30  INFO 22096 --- [Mini] [restartedMain] o.s.b.w.embedded.tomcat.TomcatWebServer  : Tomcat started on port 8080 (http) with context path '/'
2024-10-19T16:10:36.524+05:30  INFO 22096 --- [Mini] [restartedMain] com.ashok.MiniApplication                : Started MiniApplication in 6.704 seconds (process running for 8.221)
2024-10-19T16:11:24.663+05:30  INFO 22096 --- [Mini] [http-nio-8080-exec-1] o.a.c.c.C.[Tomcat].[localhost].[/]       : Initializing Spring DispatcherServlet 'dispatcherServlet'
2024-10-19T16:11:24.664+05:30  INFO 22096 --- [Mini] [http-nio-8080-exec-1] o.s.web.servlet.DispatcherServlet        : Initializing Servlet 'dispatcherServlet'
2024-10-19T16:11:24.666+05:30  INFO 22096 --- [Mini] [http-nio-8080-exec-1] o.s.web.servlet.DispatcherServlet        : Completed initialization in 2 ms
2024-10-19T16:11:24.914+05:30  WARN 22096 --- [Mini] [http-nio-8080-exec-1] .m.m.a.ExceptionHandlerExceptionResolver : Resolved [org.springframework.web.bind.MethodArgumentNotValidException: Validation failed for argument [0] in public boolean com.ashok.controller.UserController.addUser(com.ashok.entity.User): [Field error in object 'user' on field 'userName': rejected value []; codes [NotBlank.user.userName,NotBlank.userName,NotBlank.java.lang.String,NotBlank]; arguments [org.springframework.context.support.DefaultMessageSourceResolvable: codes [user.userName,userName]; arguments []; default message [userName]]; default message [Name is mandatory]] ]
2024-10-19T16:13:17.494+05:30  WARN 22096 --- [Mini] [http-nio-8080-exec-2] .m.m.a.ExceptionHandlerExceptionResolver : Resolved [org.springframework.web.bind.MethodArgumentNotValidException: Validation failed for argument [0] in public boolean com.ashok.controller.UserController.addUser(com.ashok.entity.User): [Field error in object 'user' on field 'userName': rejected value []; codes [NotBlank.user.userName,NotBlank.userName,NotBlank.java.lang.String,NotBlank]; arguments [org.springframework.context.support.DefaultMessageSourceResolvable: codes [user.userName,userName]; arguments []; default message [userName]]; default message [Name is mandatory]] ]
2024-10-19T16:14:42.077+05:30  INFO 22096 --- [Mini] [File Watcher] rtingClassPathChangeChangedEventListener : Restarting due to 1 class path change (0 additions, 0 deletions, 1 modification)
2024-10-19T16:14:42.195+05:30  INFO 22096 --- [Mini] [Thread-5] j.LocalContainerEntityManagerFactoryBean : Closing JPA EntityManagerFactory for persistence unit 'default'
2024-10-19T16:14:42.223+05:30  INFO 22096 --- [Mini] [Thread-5] com.zaxxer.hikari.HikariDataSource       : HikariPool-1 - Shutdown initiated...
2024-10-19T16:14:42.262+05:30  INFO 22096 --- [Mini] [Thread-5] com.zaxxer.hikari.HikariDataSource       : HikariPool-1 - Shutdown completed.
2024-10-19T16:14:42.468+05:30  INFO 22096 --- [Mini] [restartedMain] com.ashok.MiniApplication                : Starting MiniApplication using Java 17.0.10 with PID 22096 (C:\Users\ashok\OneDrive\Desktop\SpringBoot Pratices\Mini\Mini\target\classes started by ashok in C:\Users\ashok\OneDrive\Desktop\SpringBoot Pratices\Mini\Mini)
2024-10-19T16:14:42.469+05:30  INFO 22096 --- [Mini] [restartedMain] com.ashok.MiniApplication                : No active profile set, falling back to 1 default profile: "default"
2024-10-19T16:14:42.752+05:30  INFO 22096 --- [Mini] [restartedMain] .s.d.r.c.RepositoryConfigurationDelegate : Bootstrapping Spring Data JPA repositories in DEFAULT mode.
2024-10-19T16:14:42.771+05:30  INFO 22096 --- [Mini] [restartedMain] .s.d.r.c.RepositoryConfigurationDelegate : Finished Spring Data repository scanning in 18 ms. Found 4 JPA repository interfaces.
2024-10-19T16:14:42.917+05:30  INFO 22096 --- [Mini] [restartedMain] o.s.b.w.embedded.tomcat.TomcatWebServer  : Tomcat initialized with port 8080 (http)
2024-10-19T16:14:42.918+05:30  INFO 22096 --- [Mini] [restartedMain] o.apache.catalina.core.StandardService   : Starting service [Tomcat]
2024-10-19T16:14:42.918+05:30  INFO 22096 --- [Mini] [restartedMain] o.apache.catalina.core.StandardEngine    : Starting Servlet engine: [Apache Tomcat/10.1.30]
2024-10-19T16:14:42.941+05:30  INFO 22096 --- [Mini] [restartedMain] o.a.c.c.C.[Tomcat].[localhost].[/]       : Initializing Spring embedded WebApplicationContext
2024-10-19T16:14:42.941+05:30  INFO 22096 --- [Mini] [restartedMain] w.s.c.ServletWebServerApplicationContext : Root WebApplicationContext: initialization completed in 469 ms
2024-10-19T16:14:42.961+05:30  INFO 22096 --- [Mini] [restartedMain] com.zaxxer.hikari.HikariDataSource       : HikariPool-2 - Starting...
2024-10-19T16:14:42.992+05:30  INFO 22096 --- [Mini] [restartedMain] com.zaxxer.hikari.pool.HikariPool        : HikariPool-2 - Added connection com.mysql.cj.jdbc.ConnectionImpl@3f32aa34
2024-10-19T16:14:42.993+05:30  INFO 22096 --- [Mini] [restartedMain] com.zaxxer.hikari.HikariDataSource       : HikariPool-2 - Start completed.
2024-10-19T16:14:42.993+05:30  INFO 22096 --- [Mini] [restartedMain] o.s.b.a.h2.H2ConsoleAutoConfiguration    : H2 console available at '/h2-console'. Database available at 'jdbc:mysql://localhost:3306/mini'
2024-10-19T16:14:43.024+05:30  INFO 22096 --- [Mini] [restartedMain] o.hibernate.jpa.internal.util.LogHelper  : HHH000204: Processing PersistenceUnitInfo [name: default]
2024-10-19T16:14:43.030+05:30  INFO 22096 --- [Mini] [restartedMain] o.h.c.internal.RegionFactoryInitiator    : HHH000026: Second-level cache disabled
2024-10-19T16:14:43.047+05:30  INFO 22096 --- [Mini] [restartedMain] o.s.o.j.p.SpringPersistenceUnitInfo      : No LoadTimeWeaver setup: ignoring JPA class transformer
2024-10-19T16:14:43.157+05:30  INFO 22096 --- [Mini] [restartedMain] o.h.e.t.j.p.i.JtaPlatformInitiator       : HHH000489: No JTA platform available (set 'hibernate.transaction.jta.platform' to enable JTA platform integration)
2024-10-19T16:14:43.235+05:30  INFO 22096 --- [Mini] [restartedMain] j.LocalContainerEntityManagerFactoryBean : Initialized JPA EntityManagerFactory for persistence unit 'default'
2024-10-19T16:14:43.389+05:30  WARN 22096 --- [Mini] [restartedMain] JpaBaseConfiguration$JpaWebConfiguration : spring.jpa.open-in-view is enabled by default. Therefore, database queries may be performed during view rendering. Explicitly configure spring.jpa.open-in-view to disable this warning
2024-10-19T16:14:43.544+05:30  INFO 22096 --- [Mini] [restartedMain] o.s.b.d.a.OptionalLiveReloadServer       : LiveReload server is running on port 35729
2024-10-19T16:14:43.570+05:30  INFO 22096 --- [Mini] [restartedMain] o.s.b.w.embedded.tomcat.TomcatWebServer  : Tomcat started on port 8080 (http) with context path '/'
2024-10-19T16:14:43.579+05:30  INFO 22096 --- [Mini] [restartedMain] com.ashok.MiniApplication                : Started MiniApplication in 1.154 seconds (process running for 255.275)
2024-10-19T16:14:43.581+05:30  INFO 22096 --- [Mini] [restartedMain] .ConditionEvaluationDeltaLoggingListener : Condition evaluation unchanged
2024-10-19T16:14:56.989+05:30  INFO 22096 --- [Mini] [http-nio-8080-exec-1] o.a.c.c.C.[Tomcat].[localhost].[/]       : Initializing Spring DispatcherServlet 'dispatcherServlet'
2024-10-19T16:14:56.990+05:30  INFO 22096 --- [Mini] [http-nio-8080-exec-1] o.s.web.servlet.DispatcherServlet        : Initializing Servlet 'dispatcherServlet'
2024-10-19T16:14:56.991+05:30  INFO 22096 --- [Mini] [http-nio-8080-exec-1] o.s.web.servlet.DispatcherServlet        : Completed initialization in 1 ms
2024-10-19T16:14:57.008+05:30  WARN 22096 --- [Mini] [http-nio-8080-exec-1] .m.m.a.ExceptionHandlerExceptionResolver : Resolved [org.springframework.web.bind.MethodArgumentNotValidException: Validation failed for argument [0] in public boolean com.ashok.controller.UserController.addUser(com.ashok.entity.User): [Field error in object 'user' on field 'userName': rejected value []; codes [NotBlank.user.userName,NotBlank.userName,NotBlank.java.lang.String,NotBlank]; arguments [org.springframework.context.support.DefaultMessageSourceResolvable: codes [user.userName,userName]; arguments []; default message [userName]]; default message [Name is mandatory]] ]
2024-10-19T16:23:27.143+05:30  INFO 22096 --- [Mini] [File Watcher] rtingClassPathChangeChangedEventListener : Restarting due to 1 class path change (0 additions, 0 deletions, 1 modification)
2024-10-19T16:23:27.551+05:30  INFO 22096 --- [Mini] [Thread-7] j.LocalContainerEntityManagerFactoryBean : Closing JPA EntityManagerFactory for persistence unit 'default'
2024-10-19T16:23:27.597+05:30  INFO 22096 --- [Mini] [Thread-7] com.zaxxer.hikari.HikariDataSource       : HikariPool-2 - Shutdown initiated...
2024-10-19T16:23:27.667+05:30  INFO 22096 --- [Mini] [Thread-7] com.zaxxer.hikari.HikariDataSource       : HikariPool-2 - Shutdown completed.
2024-10-19T16:23:28.161+05:30  INFO 22096 --- [Mini] [restartedMain] com.ashok.MiniApplication                : Starting MiniApplication using Java 17.0.10 with PID 22096 (C:\Users\ashok\OneDrive\Desktop\SpringBoot Pratices\Mini\Mini\target\classes started by ashok in C:\Users\ashok\OneDrive\Desktop\SpringBoot Pratices\Mini\Mini)
2024-10-19T16:23:28.161+05:30  INFO 22096 --- [Mini] [restartedMain] com.ashok.MiniApplication                : No active profile set, falling back to 1 default profile: "default"
2024-10-19T16:23:28.507+05:30  INFO 22096 --- [Mini] [restartedMain] .s.d.r.c.RepositoryConfigurationDelegate : Bootstrapping Spring Data JPA repositories in DEFAULT mode.
2024-10-19T16:23:28.530+05:30  INFO 22096 --- [Mini] [restartedMain] .s.d.r.c.RepositoryConfigurationDelegate : Finished Spring Data repository scanning in 22 ms. Found 4 JPA repository interfaces.
2024-10-19T16:23:28.651+05:30  INFO 22096 --- [Mini] [restartedMain] o.s.b.w.embedded.tomcat.TomcatWebServer  : Tomcat initialized with port 8080 (http)
2024-10-19T16:23:28.653+05:30  INFO 22096 --- [Mini] [restartedMain] o.apache.catalina.core.StandardService   : Starting service [Tomcat]
2024-10-19T16:23:28.654+05:30  INFO 22096 --- [Mini] [restartedMain] o.apache.catalina.core.StandardEngine    : Starting Servlet engine: [Apache Tomcat/10.1.30]
2024-10-19T16:23:28.675+05:30  INFO 22096 --- [Mini] [restartedMain] o.a.c.c.C.[Tomcat].[localhost].[/]       : Initializing Spring embedded WebApplicationContext
2024-10-19T16:23:28.676+05:30  INFO 22096 --- [Mini] [restartedMain] w.s.c.ServletWebServerApplicationContext : Root WebApplicationContext: initialization completed in 510 ms
2024-10-19T16:23:28.688+05:30  INFO 22096 --- [Mini] [restartedMain] com.zaxxer.hikari.HikariDataSource       : HikariPool-3 - Starting...
2024-10-19T16:23:28.725+05:30  INFO 22096 --- [Mini] [restartedMain] com.zaxxer.hikari.pool.HikariPool        : HikariPool-3 - Added connection com.mysql.cj.jdbc.ConnectionImpl@36c16a01
2024-10-19T16:23:28.726+05:30  INFO 22096 --- [Mini] [restartedMain] com.zaxxer.hikari.HikariDataSource       : HikariPool-3 - Start completed.
2024-10-19T16:23:28.726+05:30  INFO 22096 --- [Mini] [restartedMain] o.s.b.a.h2.H2ConsoleAutoConfiguration    : H2 console available at '/h2-console'. Database available at 'jdbc:mysql://localhost:3306/mini'
2024-10-19T16:23:28.760+05:30  INFO 22096 --- [Mini] [restartedMain] o.hibernate.jpa.internal.util.LogHelper  : HHH000204: Processing PersistenceUnitInfo [name: default]
2024-10-19T16:23:28.765+05:30  INFO 22096 --- [Mini] [restartedMain] o.h.c.internal.RegionFactoryInitiator    : HHH000026: Second-level cache disabled
2024-10-19T16:23:28.783+05:30  INFO 22096 --- [Mini] [restartedMain] o.s.o.j.p.SpringPersistenceUnitInfo      : No LoadTimeWeaver setup: ignoring JPA class transformer
2024-10-19T16:23:28.907+05:30  INFO 22096 --- [Mini] [restartedMain] o.h.e.t.j.p.i.JtaPlatformInitiator       : HHH000489: No JTA platform available (set 'hibernate.transaction.jta.platform' to enable JTA platform integration)
2024-10-19T16:23:29.001+05:30  INFO 22096 --- [Mini] [restartedMain] j.LocalContainerEntityManagerFactoryBean : Initialized JPA EntityManagerFactory for persistence unit 'default'
2024-10-19T16:23:29.175+05:30  WARN 22096 --- [Mini] [restartedMain] JpaBaseConfiguration$JpaWebConfiguration : spring.jpa.open-in-view is enabled by default. Therefore, database queries may be performed during view rendering. Explicitly configure spring.jpa.open-in-view to disable this warning
2024-10-19T16:23:29.333+05:30  INFO 22096 --- [Mini] [restartedMain] o.s.b.d.a.OptionalLiveReloadServer       : LiveReload server is running on port 35729
2024-10-19T16:23:29.351+05:30  INFO 22096 --- [Mini] [restartedMain] o.s.b.w.embedded.tomcat.TomcatWebServer  : Tomcat started on port 8080 (http) with context path '/'
2024-10-19T16:23:29.363+05:30  INFO 22096 --- [Mini] [restartedMain] com.ashok.MiniApplication                : Started MiniApplication in 1.253 seconds (process running for 781.06)
2024-10-19T16:23:29.365+05:30  INFO 22096 --- [Mini] [restartedMain] .ConditionEvaluationDeltaLoggingListener : Condition evaluation unchanged
2024-10-19T16:24:03.296+05:30  INFO 22096 --- [Mini] [http-nio-8080-exec-3] o.a.c.c.C.[Tomcat].[localhost].[/]       : Initializing Spring DispatcherServlet 'dispatcherServlet'
2024-10-19T16:24:03.296+05:30  INFO 22096 --- [Mini] [http-nio-8080-exec-3] o.s.web.servlet.DispatcherServlet        : Initializing Servlet 'dispatcherServlet'
2024-10-19T16:24:03.299+05:30  INFO 22096 --- [Mini] [http-nio-8080-exec-3] o.s.web.servlet.DispatcherServlet        : Completed initialization in 3 ms
2024-10-19T16:24:03.338+05:30  WARN 22096 --- [Mini] [http-nio-8080-exec-3] .m.m.a.ExceptionHandlerExceptionResolver : Resolved [org.springframework.web.bind.MethodArgumentNotValidException: Validation failed for argument [0] in public boolean com.ashok.controller.UserController.addUser(com.ashok.entity.User): [Field error in object 'user' on field 'userName': rejected value []; codes [NotBlank.user.userName,NotBlank.userName,NotBlank.java.lang.String,NotBlank]; arguments [org.springframework.context.support.DefaultMessageSourceResolvable: codes [user.userName,userName]; arguments []; default message [userName]]; default message [Name is mandatory]] ]
2024-10-19T16:42:23.475+05:30  INFO 22096 --- [Mini] [File Watcher] rtingClassPathChangeChangedEventListener : Restarting due to 5 class path changes (0 additions, 0 deletions, 5 modifications)
2024-10-19T16:42:23.859+05:30  INFO 22096 --- [Mini] [Thread-11] j.LocalContainerEntityManagerFactoryBean : Closing JPA EntityManagerFactory for persistence unit 'default'
2024-10-19T16:42:23.904+05:30  INFO 22096 --- [Mini] [Thread-11] com.zaxxer.hikari.HikariDataSource       : HikariPool-3 - Shutdown initiated...
2024-10-19T16:42:23.978+05:30  INFO 22096 --- [Mini] [Thread-11] com.zaxxer.hikari.HikariDataSource       : HikariPool-3 - Shutdown completed.
2024-10-19T16:42:24.580+05:30  INFO 22096 --- [Mini] [restartedMain] com.ashok.MiniApplication                : Starting MiniApplication using Java 17.0.10 with PID 22096 (C:\Users\ashok\OneDrive\Desktop\SpringBoot Pratices\Mini\Mini\target\classes started by ashok in C:\Users\ashok\OneDrive\Desktop\SpringBoot Pratices\Mini\Mini)
2024-10-19T16:42:24.581+05:30  INFO 22096 --- [Mini] [restartedMain] com.ashok.MiniApplication                : No active profile set, falling back to 1 default profile: "default"
2024-10-19T16:42:24.969+05:30  INFO 22096 --- [Mini] [restartedMain] .s.d.r.c.RepositoryConfigurationDelegate : Bootstrapping Spring Data JPA repositories in DEFAULT mode.
2024-10-19T16:42:25.000+05:30  INFO 22096 --- [Mini] [restartedMain] .s.d.r.c.RepositoryConfigurationDelegate : Finished Spring Data repository scanning in 30 ms. Found 4 JPA repository interfaces.
2024-10-19T16:42:25.181+05:30  INFO 22096 --- [Mini] [restartedMain] o.s.b.w.embedded.tomcat.TomcatWebServer  : Tomcat initialized with port 8080 (http)
2024-10-19T16:42:25.182+05:30  INFO 22096 --- [Mini] [restartedMain] o.apache.catalina.core.StandardService   : Starting service [Tomcat]
2024-10-19T16:42:25.182+05:30  INFO 22096 --- [Mini] [restartedMain] o.apache.catalina.core.StandardEngine    : Starting Servlet engine: [Apache Tomcat/10.1.30]
2024-10-19T16:42:25.198+05:30  INFO 22096 --- [Mini] [restartedMain] o.a.c.c.C.[Tomcat].[localhost].[/]       : Initializing Spring embedded WebApplicationContext
2024-10-19T16:42:25.200+05:30  INFO 22096 --- [Mini] [restartedMain] w.s.c.ServletWebServerApplicationContext : Root WebApplicationContext: initialization completed in 615 ms
2024-10-19T16:42:25.220+05:30  INFO 22096 --- [Mini] [restartedMain] com.zaxxer.hikari.HikariDataSource       : HikariPool-4 - Starting...
2024-10-19T16:42:25.348+05:30  INFO 22096 --- [Mini] [restartedMain] com.zaxxer.hikari.pool.HikariPool        : HikariPool-4 - Added connection com.mysql.cj.jdbc.ConnectionImpl@4ced5585
2024-10-19T16:42:25.348+05:30  INFO 22096 --- [Mini] [restartedMain] com.zaxxer.hikari.HikariDataSource       : HikariPool-4 - Start completed.
2024-10-19T16:42:25.349+05:30  INFO 22096 --- [Mini] [restartedMain] o.s.b.a.h2.H2ConsoleAutoConfiguration    : H2 console available at '/h2-console'. Database available at 'jdbc:mysql://localhost:3306/mini'
2024-10-19T16:42:25.379+05:30  INFO 22096 --- [Mini] [restartedMain] o.hibernate.jpa.internal.util.LogHelper  : HHH000204: Processing PersistenceUnitInfo [name: default]
2024-10-19T16:42:25.382+05:30  INFO 22096 --- [Mini] [restartedMain] o.h.c.internal.RegionFactoryInitiator    : HHH000026: Second-level cache disabled
2024-10-19T16:42:25.394+05:30  INFO 22096 --- [Mini] [restartedMain] o.s.o.j.p.SpringPersistenceUnitInfo      : No LoadTimeWeaver setup: ignoring JPA class transformer
2024-10-19T16:42:25.488+05:30  INFO 22096 --- [Mini] [restartedMain] o.h.e.t.j.p.i.JtaPlatformInitiator       : HHH000489: No JTA platform available (set 'hibernate.transaction.jta.platform' to enable JTA platform integration)
2024-10-19T16:42:25.614+05:30  INFO 22096 --- [Mini] [restartedMain] j.LocalContainerEntityManagerFactoryBean : Initialized JPA EntityManagerFactory for persistence unit 'default'
2024-10-19T16:42:25.751+05:30  WARN 22096 --- [Mini] [restartedMain] JpaBaseConfiguration$JpaWebConfiguration : spring.jpa.open-in-view is enabled by default. Therefore, database queries may be performed during view rendering. Explicitly configure spring.jpa.open-in-view to disable this warning
2024-10-19T16:42:25.922+05:30  INFO 22096 --- [Mini] [restartedMain] o.s.b.d.a.OptionalLiveReloadServer       : LiveReload server is running on port 35729
2024-10-19T16:42:25.945+05:30  INFO 22096 --- [Mini] [restartedMain] o.s.b.w.embedded.tomcat.TomcatWebServer  : Tomcat started on port 8080 (http) with context path '/'
2024-10-19T16:42:25.953+05:30  INFO 22096 --- [Mini] [restartedMain] com.ashok.MiniApplication                : Started MiniApplication in 1.434 seconds (process running for 1917.649)
2024-10-19T16:42:25.955+05:30  INFO 22096 --- [Mini] [restartedMain] .ConditionEvaluationDeltaLoggingListener : Condition evaluation unchanged
2024-10-19T16:56:55.498+05:30  INFO 22096 --- [Mini] [File Watcher] rtingClassPathChangeChangedEventListener : Restarting due to 2 class path changes (0 additions, 0 deletions, 2 modifications)
2024-10-19T16:56:55.714+05:30  INFO 22096 --- [Mini] [Thread-15] j.LocalContainerEntityManagerFactoryBean : Closing JPA EntityManagerFactory for persistence unit 'default'
2024-10-19T16:56:55.748+05:30  INFO 22096 --- [Mini] [Thread-15] com.zaxxer.hikari.HikariDataSource       : HikariPool-4 - Shutdown initiated...
2024-10-19T16:56:55.801+05:30  INFO 22096 --- [Mini] [Thread-15] com.zaxxer.hikari.HikariDataSource       : HikariPool-4 - Shutdown completed.
2024-10-19T16:56:56.352+05:30  INFO 22096 --- [Mini] [restartedMain] com.ashok.MiniApplication                : Starting MiniApplication using Java 17.0.10 with PID 22096 (C:\Users\ashok\OneDrive\Desktop\SpringBoot Pratices\Mini\Mini\target\classes started by ashok in C:\Users\ashok\OneDrive\Desktop\SpringBoot Pratices\Mini\Mini)
2024-10-19T16:56:56.352+05:30  INFO 22096 --- [Mini] [restartedMain] com.ashok.MiniApplication                : No active profile set, falling back to 1 default profile: "default"
2024-10-19T16:56:56.677+05:30  INFO 22096 --- [Mini] [restartedMain] .s.d.r.c.RepositoryConfigurationDelegate : Bootstrapping Spring Data JPA repositories in DEFAULT mode.
2024-10-19T16:56:56.702+05:30  INFO 22096 --- [Mini] [restartedMain] .s.d.r.c.RepositoryConfigurationDelegate : Finished Spring Data repository scanning in 24 ms. Found 4 JPA repository interfaces.
2024-10-19T16:56:56.923+05:30  INFO 22096 --- [Mini] [restartedMain] o.s.b.w.embedded.tomcat.TomcatWebServer  : Tomcat initialized with port 8080 (http)
2024-10-19T16:56:56.932+05:30  INFO 22096 --- [Mini] [restartedMain] o.apache.catalina.core.StandardService   : Starting service [Tomcat]
2024-10-19T16:56:56.933+05:30  INFO 22096 --- [Mini] [restartedMain] o.apache.catalina.core.StandardEngine    : Starting Servlet engine: [Apache Tomcat/10.1.30]
2024-10-19T16:56:56.952+05:30  INFO 22096 --- [Mini] [restartedMain] o.a.c.c.C.[Tomcat].[localhost].[/]       : Initializing Spring embedded WebApplicationContext
2024-10-19T16:56:56.952+05:30  INFO 22096 --- [Mini] [restartedMain] w.s.c.ServletWebServerApplicationContext : Root WebApplicationContext: initialization completed in 594 ms
2024-10-19T16:56:56.967+05:30  INFO 22096 --- [Mini] [restartedMain] com.zaxxer.hikari.HikariDataSource       : HikariPool-5 - Starting...
2024-10-19T16:56:57.151+05:30  INFO 22096 --- [Mini] [restartedMain] com.zaxxer.hikari.pool.HikariPool        : HikariPool-5 - Added connection com.mysql.cj.jdbc.ConnectionImpl@1185892d
2024-10-19T16:56:57.151+05:30  INFO 22096 --- [Mini] [restartedMain] com.zaxxer.hikari.HikariDataSource       : HikariPool-5 - Start completed.
2024-10-19T16:56:57.153+05:30  INFO 22096 --- [Mini] [restartedMain] o.s.b.a.h2.H2ConsoleAutoConfiguration    : H2 console available at '/h2-console'. Database available at 'jdbc:mysql://localhost:3306/mini'
2024-10-19T16:56:57.191+05:30  INFO 22096 --- [Mini] [restartedMain] o.hibernate.jpa.internal.util.LogHelper  : HHH000204: Processing PersistenceUnitInfo [name: default]
2024-10-19T16:56:57.195+05:30  INFO 22096 --- [Mini] [restartedMain] o.h.c.internal.RegionFactoryInitiator    : HHH000026: Second-level cache disabled
2024-10-19T16:56:57.224+05:30  INFO 22096 --- [Mini] [restartedMain] o.s.o.j.p.SpringPersistenceUnitInfo      : No LoadTimeWeaver setup: ignoring JPA class transformer
2024-10-19T16:56:57.473+05:30  INFO 22096 --- [Mini] [restartedMain] o.h.e.t.j.p.i.JtaPlatformInitiator       : HHH000489: No JTA platform available (set 'hibernate.transaction.jta.platform' to enable JTA platform integration)
2024-10-19T16:56:57.663+05:30  INFO 22096 --- [Mini] [restartedMain] j.LocalContainerEntityManagerFactoryBean : Initialized JPA EntityManagerFactory for persistence unit 'default'
2024-10-19T16:56:57.874+05:30  WARN 22096 --- [Mini] [restartedMain] JpaBaseConfiguration$JpaWebConfiguration : spring.jpa.open-in-view is enabled by default. Therefore, database queries may be performed during view rendering. Explicitly configure spring.jpa.open-in-view to disable this warning
2024-10-19T16:56:57.990+05:30  INFO 22096 --- [Mini] [restartedMain] o.s.b.d.a.OptionalLiveReloadServer       : LiveReload server is running on port 35729
2024-10-19T16:56:58.008+05:30  INFO 22096 --- [Mini] [restartedMain] o.s.b.w.embedded.tomcat.TomcatWebServer  : Tomcat started on port 8080 (http) with context path '/'
2024-10-19T16:56:58.015+05:30  INFO 22096 --- [Mini] [restartedMain] com.ashok.MiniApplication                : Started MiniApplication in 1.719 seconds (process running for 2789.711)
2024-10-19T16:56:58.016+05:30  INFO 22096 --- [Mini] [restartedMain] .ConditionEvaluationDeltaLoggingListener : Condition evaluation unchanged
2024-10-19T16:57:19.918+05:30  INFO 22096 --- [Mini] [File Watcher] rtingClassPathChangeChangedEventListener : Restarting due to 1 class path change (0 additions, 0 deletions, 1 modification)
2024-10-19T16:57:19.974+05:30  INFO 22096 --- [Mini] [Thread-19] j.LocalContainerEntityManagerFactoryBean : Closing JPA EntityManagerFactory for persistence unit 'default'
2024-10-19T16:57:19.975+05:30  INFO 22096 --- [Mini] [Thread-19] com.zaxxer.hikari.HikariDataSource       : HikariPool-5 - Shutdown initiated...
2024-10-19T16:57:19.984+05:30  INFO 22096 --- [Mini] [Thread-19] com.zaxxer.hikari.HikariDataSource       : HikariPool-5 - Shutdown completed.
2024-10-19T16:57:20.070+05:30  INFO 22096 --- [Mini] [restartedMain] com.ashok.MiniApplication                : Starting MiniApplication using Java 17.0.10 with PID 22096 (C:\Users\ashok\OneDrive\Desktop\SpringBoot Pratices\Mini\Mini\target\classes started by ashok in C:\Users\ashok\OneDrive\Desktop\SpringBoot Pratices\Mini\Mini)
2024-10-19T16:57:20.070+05:30  INFO 22096 --- [Mini] [restartedMain] com.ashok.MiniApplication                : No active profile set, falling back to 1 default profile: "default"
2024-10-19T16:57:20.233+05:30  INFO 22096 --- [Mini] [restartedMain] .s.d.r.c.RepositoryConfigurationDelegate : Bootstrapping Spring Data JPA repositories in DEFAULT mode.
2024-10-19T16:57:20.245+05:30  INFO 22096 --- [Mini] [restartedMain] .s.d.r.c.RepositoryConfigurationDelegate : Finished Spring Data repository scanning in 12 ms. Found 4 JPA repository interfaces.
2024-10-19T16:57:20.327+05:30  INFO 22096 --- [Mini] [restartedMain] o.s.b.w.embedded.tomcat.TomcatWebServer  : Tomcat initialized with port 8080 (http)
2024-10-19T16:57:20.327+05:30  INFO 22096 --- [Mini] [restartedMain] o.apache.catalina.core.StandardService   : Starting service [Tomcat]
2024-10-19T16:57:20.328+05:30  INFO 22096 --- [Mini] [restartedMain] o.apache.catalina.core.StandardEngine    : Starting Servlet engine: [Apache Tomcat/10.1.30]
2024-10-19T16:57:20.344+05:30  INFO 22096 --- [Mini] [restartedMain] o.a.c.c.C.[Tomcat].[localhost].[/]       : Initializing Spring embedded WebApplicationContext
2024-10-19T16:57:20.344+05:30  INFO 22096 --- [Mini] [restartedMain] w.s.c.ServletWebServerApplicationContext : Root WebApplicationContext: initialization completed in 271 ms
2024-10-19T16:57:20.359+05:30  INFO 22096 --- [Mini] [restartedMain] com.zaxxer.hikari.HikariDataSource       : HikariPool-6 - Starting...
2024-10-19T16:57:20.376+05:30  INFO 22096 --- [Mini] [restartedMain] com.zaxxer.hikari.pool.HikariPool        : HikariPool-6 - Added connection com.mysql.cj.jdbc.ConnectionImpl@5d9cff5
2024-10-19T16:57:20.376+05:30  INFO 22096 --- [Mini] [restartedMain] com.zaxxer.hikari.HikariDataSource       : HikariPool-6 - Start completed.
2024-10-19T16:57:20.376+05:30  INFO 22096 --- [Mini] [restartedMain] o.s.b.a.h2.H2ConsoleAutoConfiguration    : H2 console available at '/h2-console'. Database available at 'jdbc:mysql://localhost:3306/mini'
2024-10-19T16:57:20.395+05:30  INFO 22096 --- [Mini] [restartedMain] o.hibernate.jpa.internal.util.LogHelper  : HHH000204: Processing PersistenceUnitInfo [name: default]
2024-10-19T16:57:20.397+05:30  INFO 22096 --- [Mini] [restartedMain] o.h.c.internal.RegionFactoryInitiator    : HHH000026: Second-level cache disabled
2024-10-19T16:57:20.404+05:30  INFO 22096 --- [Mini] [restartedMain] o.s.o.j.p.SpringPersistenceUnitInfo      : No LoadTimeWeaver setup: ignoring JPA class transformer
2024-10-19T16:57:20.477+05:30  INFO 22096 --- [Mini] [restartedMain] o.h.e.t.j.p.i.JtaPlatformInitiator       : HHH000489: No JTA platform available (set 'hibernate.transaction.jta.platform' to enable JTA platform integration)
2024-10-19T16:57:20.533+05:30  INFO 22096 --- [Mini] [restartedMain] j.LocalContainerEntityManagerFactoryBean : Initialized JPA EntityManagerFactory for persistence unit 'default'
2024-10-19T16:57:20.645+05:30  WARN 22096 --- [Mini] [restartedMain] JpaBaseConfiguration$JpaWebConfiguration : spring.jpa.open-in-view is enabled by default. Therefore, database queries may be performed during view rendering. Explicitly configure spring.jpa.open-in-view to disable this warning
2024-10-19T16:57:20.762+05:30  INFO 22096 --- [Mini] [restartedMain] o.s.b.d.a.OptionalLiveReloadServer       : LiveReload server is running on port 35729
2024-10-19T16:57:20.774+05:30  INFO 22096 --- [Mini] [restartedMain] o.s.b.w.embedded.tomcat.TomcatWebServer  : Tomcat started on port 8080 (http) with context path '/'
2024-10-19T16:57:20.780+05:30  INFO 22096 --- [Mini] [restartedMain] com.ashok.MiniApplication                : Started MiniApplication in 0.737 seconds (process running for 2812.478)
2024-10-19T16:57:20.782+05:30  INFO 22096 --- [Mini] [restartedMain] .ConditionEvaluationDeltaLoggingListener : Condition evaluation unchanged
2024-10-19T16:58:28.799+05:30  INFO 22096 --- [Mini] [File Watcher] rtingClassPathChangeChangedEventListener : Restarting due to 1 class path change (0 additions, 0 deletions, 1 modification)
2024-10-19T16:58:28.888+05:30  INFO 22096 --- [Mini] [Thread-23] j.LocalContainerEntityManagerFactoryBean : Closing JPA EntityManagerFactory for persistence unit 'default'
2024-10-19T16:58:28.889+05:30  INFO 22096 --- [Mini] [Thread-23] com.zaxxer.hikari.HikariDataSource       : HikariPool-6 - Shutdown initiated...
2024-10-19T16:58:28.894+05:30  INFO 22096 --- [Mini] [Thread-23] com.zaxxer.hikari.HikariDataSource       : HikariPool-6 - Shutdown completed.
2024-10-19T16:58:28.973+05:30  INFO 22096 --- [Mini] [restartedMain] com.ashok.MiniApplication                : Starting MiniApplication using Java 17.0.10 with PID 22096 (C:\Users\ashok\OneDrive\Desktop\SpringBoot Pratices\Mini\Mini\target\classes started by ashok in C:\Users\ashok\OneDrive\Desktop\SpringBoot Pratices\Mini\Mini)
2024-10-19T16:58:28.973+05:30  INFO 22096 --- [Mini] [restartedMain] com.ashok.MiniApplication                : No active profile set, falling back to 1 default profile: "default"
2024-10-19T16:58:29.129+05:30  INFO 22096 --- [Mini] [restartedMain] .s.d.r.c.RepositoryConfigurationDelegate : Bootstrapping Spring Data JPA repositories in DEFAULT mode.
2024-10-19T16:58:29.140+05:30  INFO 22096 --- [Mini] [restartedMain] .s.d.r.c.RepositoryConfigurationDelegate : Finished Spring Data repository scanning in 10 ms. Found 4 JPA repository interfaces.
2024-10-19T16:58:29.217+05:30  INFO 22096 --- [Mini] [restartedMain] o.s.b.w.embedded.tomcat.TomcatWebServer  : Tomcat initialized with port 8080 (http)
2024-10-19T16:58:29.218+05:30  INFO 22096 --- [Mini] [restartedMain] o.apache.catalina.core.StandardService   : Starting service [Tomcat]
2024-10-19T16:58:29.218+05:30  INFO 22096 --- [Mini] [restartedMain] o.apache.catalina.core.StandardEngine    : Starting Servlet engine: [Apache Tomcat/10.1.30]
2024-10-19T16:58:29.235+05:30  INFO 22096 --- [Mini] [restartedMain] o.a.c.c.C.[Tomcat].[localhost].[/]       : Initializing Spring embedded WebApplicationContext
2024-10-19T16:58:29.235+05:30  INFO 22096 --- [Mini] [restartedMain] w.s.c.ServletWebServerApplicationContext : Root WebApplicationContext: initialization completed in 260 ms
2024-10-19T16:58:29.252+05:30  INFO 22096 --- [Mini] [restartedMain] com.zaxxer.hikari.HikariDataSource       : HikariPool-7 - Starting...
2024-10-19T16:58:29.269+05:30  INFO 22096 --- [Mini] [restartedMain] com.zaxxer.hikari.pool.HikariPool        : HikariPool-7 - Added connection com.mysql.cj.jdbc.ConnectionImpl@410d2ba2
2024-10-19T16:58:29.269+05:30  INFO 22096 --- [Mini] [restartedMain] com.zaxxer.hikari.HikariDataSource       : HikariPool-7 - Start completed.
2024-10-19T16:58:29.270+05:30  INFO 22096 --- [Mini] [restartedMain] o.s.b.a.h2.H2ConsoleAutoConfiguration    : H2 console available at '/h2-console'. Database available at 'jdbc:mysql://localhost:3306/mini'
2024-10-19T16:58:29.290+05:30  INFO 22096 --- [Mini] [restartedMain] o.hibernate.jpa.internal.util.LogHelper  : HHH000204: Processing PersistenceUnitInfo [name: default]
2024-10-19T16:58:29.291+05:30  INFO 22096 --- [Mini] [restartedMain] o.h.c.internal.RegionFactoryInitiator    : HHH000026: Second-level cache disabled
2024-10-19T16:58:29.300+05:30  INFO 22096 --- [Mini] [restartedMain] o.s.o.j.p.SpringPersistenceUnitInfo      : No LoadTimeWeaver setup: ignoring JPA class transformer
2024-10-19T16:58:29.375+05:30  INFO 22096 --- [Mini] [restartedMain] o.h.e.t.j.p.i.JtaPlatformInitiator       : HHH000489: No JTA platform available (set 'hibernate.transaction.jta.platform' to enable JTA platform integration)
2024-10-19T16:58:29.431+05:30  INFO 22096 --- [Mini] [restartedMain] j.LocalContainerEntityManagerFactoryBean : Initialized JPA EntityManagerFactory for persistence unit 'default'
2024-10-19T16:58:29.519+05:30  WARN 22096 --- [Mini] [restartedMain] JpaBaseConfiguration$JpaWebConfiguration : spring.jpa.open-in-view is enabled by default. Therefore, database queries may be performed during view rendering. Explicitly configure spring.jpa.open-in-view to disable this warning
2024-10-19T16:58:29.620+05:30  INFO 22096 --- [Mini] [restartedMain] o.s.b.d.a.OptionalLiveReloadServer       : LiveReload server is running on port 35729
2024-10-19T16:58:29.629+05:30  INFO 22096 --- [Mini] [restartedMain] o.s.b.w.embedded.tomcat.TomcatWebServer  : Tomcat started on port 8080 (http) with context path '/'
2024-10-19T16:58:29.634+05:30  INFO 22096 --- [Mini] [restartedMain] com.ashok.MiniApplication                : Started MiniApplication in 0.686 seconds (process running for 2881.331)
2024-10-19T16:58:29.635+05:30  INFO 22096 --- [Mini] [restartedMain] .ConditionEvaluationDeltaLoggingListener : Condition evaluation unchanged
2024-10-19T16:58:55.629+05:30  INFO 22096 --- [Mini] [File Watcher] rtingClassPathChangeChangedEventListener : Restarting due to 1 class path change (0 additions, 0 deletions, 1 modification)
2024-10-19T16:58:55.712+05:30  INFO 22096 --- [Mini] [Thread-27] j.LocalContainerEntityManagerFactoryBean : Closing JPA EntityManagerFactory for persistence unit 'default'
2024-10-19T16:58:55.712+05:30  INFO 22096 --- [Mini] [Thread-27] com.zaxxer.hikari.HikariDataSource       : HikariPool-7 - Shutdown initiated...
2024-10-19T16:58:55.718+05:30  INFO 22096 --- [Mini] [Thread-27] com.zaxxer.hikari.HikariDataSource       : HikariPool-7 - Shutdown completed.
